2017-04-02 09:00:26 startup archives install
2017-04-02 09:00:26 install base-passwd:armhf <none> 3.5.26
2017-04-02 09:00:26 status half-installed base-passwd:armhf 3.5.26
2017-04-02 09:00:26 status unpacked base-passwd:armhf 3.5.26
2017-04-02 09:00:26 status unpacked base-passwd:armhf 3.5.26
2017-04-02 09:00:26 configure base-passwd:armhf 3.5.26 3.5.26
2017-04-02 09:00:26 status unpacked base-passwd:armhf 3.5.26
2017-04-02 09:00:26 status half-configured base-passwd:armhf 3.5.26
2017-04-02 09:00:26 status installed base-passwd:armhf 3.5.26
2017-04-02 09:00:26 startup archives install
2017-04-02 09:00:26 install base-files:armhf <none> 7.1wheezy11
2017-04-02 09:00:26 status half-installed base-files:armhf 7.1wheezy11
2017-04-02 09:00:26 status unpacked base-files:armhf 7.1wheezy11
2017-04-02 09:00:26 status unpacked base-files:armhf 7.1wheezy11
2017-04-02 09:00:26 configure base-files:armhf 7.1wheezy11 7.1wheezy11
2017-04-02 09:00:26 status unpacked base-files:armhf 7.1wheezy11
2017-04-02 09:00:26 status unpacked base-files:armhf 7.1wheezy11
2017-04-02 09:00:26 status unpacked base-files:armhf 7.1wheezy11
2017-04-02 09:00:26 status unpacked base-files:armhf 7.1wheezy11
2017-04-02 09:00:26 status unpacked base-files:armhf 7.1wheezy11
2017-04-02 09:00:26 status unpacked base-files:armhf 7.1wheezy11
2017-04-02 09:00:26 status unpacked base-files:armhf 7.1wheezy11
2017-04-02 09:00:26 status half-configured base-files:armhf 7.1wheezy11
2017-04-02 09:00:28 status installed base-files:armhf 7.1wheezy11
2017-04-02 09:00:28 startup archives install
2017-04-02 09:00:28 upgrade dpkg 1.16.18 1.16.18
2017-04-02 09:00:28 status half-configured dpkg 1.16.18
2017-04-02 09:00:28 status unpacked dpkg 1.16.18
2017-04-02 09:00:28 status half-installed dpkg 1.16.18
2017-04-02 09:00:29 status half-installed dpkg 1.16.18
2017-04-02 09:00:29 status unpacked dpkg 1.16.18
2017-04-02 09:00:29 status unpacked dpkg 1.16.18
2017-04-02 09:00:29 configure dpkg 1.16.18 1.16.18
2017-04-02 09:00:29 status unpacked dpkg 1.16.18
2017-04-02 09:00:29 status unpacked dpkg 1.16.18
2017-04-02 09:00:29 status unpacked dpkg 1.16.18
2017-04-02 09:00:29 status unpacked dpkg 1.16.18
2017-04-02 09:00:29 status unpacked dpkg 1.16.18
2017-04-02 09:00:29 status half-configured dpkg 1.16.18
2017-04-02 09:00:29 status installed dpkg 1.16.18
2017-04-02 09:00:29 startup archives install
2017-04-02 09:00:29 install libc6:armhf <none> 2.13-38+deb7u10
2017-04-02 09:00:29 status half-installed libc6:armhf 2.13-38+deb7u10
2017-04-02 09:00:30 status unpacked libc6:armhf 2.13-38+deb7u10
2017-04-02 09:00:30 status unpacked libc6:armhf 2.13-38+deb7u10
2017-04-02 09:00:30 configure libc6:armhf 2.13-38+deb7u10 2.13-38+deb7u10
2017-04-02 09:00:30 status unpacked libc6:armhf 2.13-38+deb7u10
2017-04-02 09:00:30 status unpacked libc6:armhf 2.13-38+deb7u10
2017-04-02 09:00:30 status half-configured libc6:armhf 2.13-38+deb7u10
2017-04-02 09:00:32 status installed libc6:armhf 2.13-38+deb7u10
2017-04-02 09:00:32 startup archives install
2017-04-02 09:00:32 install perl-base:armhf <none> 5.14.2-21+deb7u3
2017-04-02 09:00:32 status half-installed perl-base:armhf 5.14.2-21+deb7u3
2017-04-02 09:00:33 status unpacked perl-base:armhf 5.14.2-21+deb7u3
2017-04-02 09:00:33 status unpacked perl-base:armhf 5.14.2-21+deb7u3
2017-04-02 09:00:33 configure perl-base:armhf 5.14.2-21+deb7u3 5.14.2-21+deb7u3
2017-04-02 09:00:33 status unpacked perl-base:armhf 5.14.2-21+deb7u3
2017-04-02 09:00:33 status half-configured perl-base:armhf 5.14.2-21+deb7u3
2017-04-02 09:00:33 status installed perl-base:armhf 5.14.2-21+deb7u3
2017-04-02 09:00:33 startup archives install
2017-04-02 09:00:33 install mawk:armhf <none> 1.3.3-17
2017-04-02 09:00:33 status half-installed mawk:armhf 1.3.3-17
2017-04-02 09:00:33 status unpacked mawk:armhf 1.3.3-17
2017-04-02 09:00:33 status unpacked mawk:armhf 1.3.3-17
2017-04-02 09:00:33 configure mawk:armhf 1.3.3-17 1.3.3-17
2017-04-02 09:00:33 status unpacked mawk:armhf 1.3.3-17
2017-04-02 09:00:33 status half-configured mawk:armhf 1.3.3-17
2017-04-02 09:00:33 status installed mawk:armhf 1.3.3-17
2017-04-02 09:00:33 startup archives install
2017-04-02 09:00:33 install debconf:all <none> 1.5.49
2017-04-02 09:00:33 status half-installed debconf:all 1.5.49
2017-04-02 09:00:33 status unpacked debconf:all 1.5.49
2017-04-02 09:00:33 status unpacked debconf:all 1.5.49
2017-04-02 09:00:33 configure debconf:all 1.5.49 1.5.49
2017-04-02 09:00:33 status unpacked debconf:all 1.5.49
2017-04-02 09:00:33 status unpacked debconf:all 1.5.49
2017-04-02 09:00:33 status unpacked debconf:all 1.5.49
2017-04-02 09:00:33 status unpacked debconf:all 1.5.49
2017-04-02 09:00:33 status half-configured debconf:all 1.5.49
2017-04-02 09:00:34 status installed debconf:all 1.5.49
2017-04-02 09:00:35 startup archives unpack
2017-04-02 09:00:35 install libacl1:armhf <none> 2.2.51-8
2017-04-02 09:00:35 status half-installed libacl1:armhf 2.2.51-8
2017-04-02 09:00:35 status unpacked libacl1:armhf 2.2.51-8
2017-04-02 09:00:35 status unpacked libacl1:armhf 2.2.51-8
2017-04-02 09:00:35 install libattr1:armhf <none> 1:2.4.46-8
2017-04-02 09:00:35 status half-installed libattr1:armhf 1:2.4.46-8
2017-04-02 09:00:35 status unpacked libattr1:armhf 1:2.4.46-8
2017-04-02 09:00:35 status unpacked libattr1:armhf 1:2.4.46-8
2017-04-02 09:00:35 upgrade base-files:armhf 7.1wheezy11 7.1wheezy11
2017-04-02 09:00:35 status half-configured base-files:armhf 7.1wheezy11
2017-04-02 09:00:35 status unpacked base-files:armhf 7.1wheezy11
2017-04-02 09:00:35 status half-installed base-files:armhf 7.1wheezy11
2017-04-02 09:00:35 status half-installed base-files:armhf 7.1wheezy11
2017-04-02 09:00:35 status unpacked base-files:armhf 7.1wheezy11
2017-04-02 09:00:35 status unpacked base-files:armhf 7.1wheezy11
2017-04-02 09:00:35 upgrade base-passwd:armhf 3.5.26 3.5.26
2017-04-02 09:00:35 status half-configured base-passwd:armhf 3.5.26
2017-04-02 09:00:35 status unpacked base-passwd:armhf 3.5.26
2017-04-02 09:00:35 status half-installed base-passwd:armhf 3.5.26
2017-04-02 09:00:35 status half-installed base-passwd:armhf 3.5.26
2017-04-02 09:00:35 status unpacked base-passwd:armhf 3.5.26
2017-04-02 09:00:35 status unpacked base-passwd:armhf 3.5.26
2017-04-02 09:00:35 install bash:armhf <none> 4.2+dfsg-0.1+deb7u3
2017-04-02 09:00:35 status half-installed bash:armhf 4.2+dfsg-0.1+deb7u3
2017-04-02 09:00:36 status unpacked bash:armhf 4.2+dfsg-0.1+deb7u3
2017-04-02 09:00:36 status unpacked bash:armhf 4.2+dfsg-0.1+deb7u3
2017-04-02 09:00:36 install libbz2-1.0:armhf <none> 1.0.6-4
2017-04-02 09:00:36 status half-installed libbz2-1.0:armhf 1.0.6-4
2017-04-02 09:00:36 status unpacked libbz2-1.0:armhf 1.0.6-4
2017-04-02 09:00:36 status unpacked libbz2-1.0:armhf 1.0.6-4
2017-04-02 09:00:36 install coreutils:armhf <none> 8.13-3.5
2017-04-02 09:00:36 status half-installed coreutils:armhf 8.13-3.5
2017-04-02 09:00:36 status unpacked coreutils:armhf 8.13-3.5
2017-04-02 09:00:36 status unpacked coreutils:armhf 8.13-3.5
2017-04-02 09:00:36 install dash:armhf <none> 0.5.7-3
2017-04-02 09:00:36 status half-installed dash:armhf 0.5.7-3
2017-04-02 09:00:37 status unpacked dash:armhf 0.5.7-3
2017-04-02 09:00:37 status unpacked dash:armhf 0.5.7-3
2017-04-02 09:00:37 install libdb5.1:armhf <none> 5.1.29-5
2017-04-02 09:00:37 status half-installed libdb5.1:armhf 5.1.29-5
2017-04-02 09:00:37 status unpacked libdb5.1:armhf 5.1.29-5
2017-04-02 09:00:37 status unpacked libdb5.1:armhf 5.1.29-5
2017-04-02 09:00:37 upgrade debconf:all 1.5.49 1.5.49
2017-04-02 09:00:37 status half-configured debconf:all 1.5.49
2017-04-02 09:00:37 status unpacked debconf:all 1.5.49
2017-04-02 09:00:37 status half-installed debconf:all 1.5.49
2017-04-02 09:00:37 status half-installed debconf:all 1.5.49
2017-04-02 09:00:37 status unpacked debconf:all 1.5.49
2017-04-02 09:00:37 status unpacked debconf:all 1.5.49
2017-04-02 09:00:37 install debconf-i18n:all <none> 1.5.49
2017-04-02 09:00:37 status half-installed debconf-i18n:all 1.5.49
2017-04-02 09:00:38 status unpacked debconf-i18n:all 1.5.49
2017-04-02 09:00:38 status unpacked debconf-i18n:all 1.5.49
2017-04-02 09:00:38 install debianutils:armhf <none> 4.3.2
2017-04-02 09:00:38 status half-installed debianutils:armhf 4.3.2
2017-04-02 09:00:38 status unpacked debianutils:armhf 4.3.2
2017-04-02 09:00:38 status unpacked debianutils:armhf 4.3.2
2017-04-02 09:00:38 install diffutils:armhf <none> 1:3.2-6
2017-04-02 09:00:38 status half-installed diffutils:armhf 1:3.2-6
2017-04-02 09:00:38 status unpacked diffutils:armhf 1:3.2-6
2017-04-02 09:00:38 status unpacked diffutils:armhf 1:3.2-6
2017-04-02 09:00:38 upgrade dpkg:armhf 1.16.18 1.16.18
2017-04-02 09:00:38 status half-configured dpkg:armhf 1.16.18
2017-04-02 09:00:38 status unpacked dpkg:armhf 1.16.18
2017-04-02 09:00:38 status half-installed dpkg:armhf 1.16.18
2017-04-02 09:00:38 status half-installed dpkg:armhf 1.16.18
2017-04-02 09:00:38 status unpacked dpkg:armhf 1.16.18
2017-04-02 09:00:38 status unpacked dpkg:armhf 1.16.18
2017-04-02 09:00:39 install e2fslibs:armhf <none> 1.42.5-1.1+deb7u1
2017-04-02 09:00:39 status half-installed e2fslibs:armhf 1.42.5-1.1+deb7u1
2017-04-02 09:00:39 status unpacked e2fslibs:armhf 1.42.5-1.1+deb7u1
2017-04-02 09:00:39 status unpacked e2fslibs:armhf 1.42.5-1.1+deb7u1
2017-04-02 09:00:39 install e2fsprogs:armhf <none> 1.42.5-1.1+deb7u1
2017-04-02 09:00:39 status half-installed e2fsprogs:armhf 1.42.5-1.1+deb7u1
2017-04-02 09:00:39 status unpacked e2fsprogs:armhf 1.42.5-1.1+deb7u1
2017-04-02 09:00:39 status unpacked e2fsprogs:armhf 1.42.5-1.1+deb7u1
2017-04-02 09:00:39 install libcomerr2:armhf <none> 1.42.5-1.1+deb7u1
2017-04-02 09:00:39 status half-installed libcomerr2:armhf 1.42.5-1.1+deb7u1
2017-04-02 09:00:39 status unpacked libcomerr2:armhf 1.42.5-1.1+deb7u1
2017-04-02 09:00:39 status unpacked libcomerr2:armhf 1.42.5-1.1+deb7u1
2017-04-02 09:00:39 install libss2:armhf <none> 1.42.5-1.1+deb7u1
2017-04-02 09:00:39 status half-installed libss2:armhf 1.42.5-1.1+deb7u1
2017-04-02 09:00:39 status unpacked libss2:armhf 1.42.5-1.1+deb7u1
2017-04-02 09:00:39 status unpacked libss2:armhf 1.42.5-1.1+deb7u1
2017-04-02 09:00:39 install libc-bin:armhf <none> 2.13-38+deb7u10
2017-04-02 09:00:39 status half-installed libc-bin:armhf 2.13-38+deb7u10
2017-04-02 09:00:39 status unpacked libc-bin:armhf 2.13-38+deb7u10
2017-04-02 09:00:39 status unpacked libc-bin:armhf 2.13-38+deb7u10
2017-04-02 09:00:39 upgrade libc6:armhf 2.13-38+deb7u10 2.13-38+deb7u10
2017-04-02 09:00:39 status half-configured libc6:armhf 2.13-38+deb7u10
2017-04-02 09:00:39 status unpacked libc6:armhf 2.13-38+deb7u10
2017-04-02 09:00:39 status half-installed libc6:armhf 2.13-38+deb7u10
2017-04-02 09:00:41 status half-installed libc6:armhf 2.13-38+deb7u10
2017-04-02 09:00:41 status unpacked libc6:armhf 2.13-38+deb7u10
2017-04-02 09:00:41 status unpacked libc6:armhf 2.13-38+deb7u10
2017-04-02 09:00:42 install multiarch-support:armhf <none> 2.13-38+deb7u10
2017-04-02 09:00:42 status half-installed multiarch-support:armhf 2.13-38+deb7u10
2017-04-02 09:00:42 status unpacked multiarch-support:armhf 2.13-38+deb7u10
2017-04-02 09:00:42 status unpacked multiarch-support:armhf 2.13-38+deb7u10
2017-04-02 09:00:42 install findutils:armhf <none> 4.4.2-4
2017-04-02 09:00:42 status half-installed findutils:armhf 4.4.2-4
2017-04-02 09:00:42 status unpacked findutils:armhf 4.4.2-4
2017-04-02 09:00:42 status unpacked findutils:armhf 4.4.2-4
2017-04-02 09:00:42 install gcc-4.7-base:armhf <none> 4.7.2-5
2017-04-02 09:00:42 status half-installed gcc-4.7-base:armhf 4.7.2-5
2017-04-02 09:00:42 status unpacked gcc-4.7-base:armhf 4.7.2-5
2017-04-02 09:00:42 status unpacked gcc-4.7-base:armhf 4.7.2-5
2017-04-02 09:00:42 install libgcc1:armhf <none> 1:4.7.2-5
2017-04-02 09:00:42 status half-installed libgcc1:armhf 1:4.7.2-5
2017-04-02 09:00:42 status unpacked libgcc1:armhf 1:4.7.2-5
2017-04-02 09:00:42 status unpacked libgcc1:armhf 1:4.7.2-5
2017-04-02 09:00:42 install grep:armhf <none> 2.12-2
2017-04-02 09:00:42 status half-installed grep:armhf 2.12-2
2017-04-02 09:00:42 status unpacked grep:armhf 2.12-2
2017-04-02 09:00:42 status unpacked grep:armhf 2.12-2
2017-04-02 09:00:42 install gzip:armhf <none> 1.5-1.1
2017-04-02 09:00:42 status half-installed gzip:armhf 1.5-1.1
2017-04-02 09:00:42 status unpacked gzip:armhf 1.5-1.1
2017-04-02 09:00:42 status unpacked gzip:armhf 1.5-1.1
2017-04-02 09:00:42 install hostname:armhf <none> 3.11
2017-04-02 09:00:42 status half-installed hostname:armhf 3.11
2017-04-02 09:00:42 status unpacked hostname:armhf 3.11
2017-04-02 09:00:42 status unpacked hostname:armhf 3.11
2017-04-02 09:00:42 install insserv:armhf <none> 1.14.0-5
2017-04-02 09:00:42 status half-installed insserv:armhf 1.14.0-5
2017-04-02 09:00:43 status unpacked insserv:armhf 1.14.0-5
2017-04-02 09:00:43 status unpacked insserv:armhf 1.14.0-5
2017-04-02 09:00:43 install liblocale-gettext-perl:armhf <none> 1.05-7+b3
2017-04-02 09:00:43 status half-installed liblocale-gettext-perl:armhf 1.05-7+b3
2017-04-02 09:00:43 status unpacked liblocale-gettext-perl:armhf 1.05-7+b3
2017-04-02 09:00:43 status unpacked liblocale-gettext-perl:armhf 1.05-7+b3
2017-04-02 09:00:43 install libselinux1:armhf <none> 2.1.9-5
2017-04-02 09:00:43 status half-installed libselinux1:armhf 2.1.9-5
2017-04-02 09:00:43 status unpacked libselinux1:armhf 2.1.9-5
2017-04-02 09:00:43 status unpacked libselinux1:armhf 2.1.9-5
2017-04-02 09:00:43 install libsemanage-common:all <none> 2.1.6-6
2017-04-02 09:00:43 status half-installed libsemanage-common:all 2.1.6-6
2017-04-02 09:00:43 status unpacked libsemanage-common:all 2.1.6-6
2017-04-02 09:00:43 status unpacked libsemanage-common:all 2.1.6-6
2017-04-02 09:00:43 install libsemanage1:armhf <none> 2.1.6-6
2017-04-02 09:00:43 status half-installed libsemanage1:armhf 2.1.6-6
2017-04-02 09:00:43 status unpacked libsemanage1:armhf 2.1.6-6
2017-04-02 09:00:43 status unpacked libsemanage1:armhf 2.1.6-6
2017-04-02 09:00:43 install libsepol1:armhf <none> 2.1.4-3
2017-04-02 09:00:43 status half-installed libsepol1:armhf 2.1.4-3
2017-04-02 09:00:43 status unpacked libsepol1:armhf 2.1.4-3
2017-04-02 09:00:43 status unpacked libsepol1:armhf 2.1.4-3
2017-04-02 09:00:44 install libtext-charwidth-perl:armhf <none> 0.04-7+b2
2017-04-02 09:00:44 status half-installed libtext-charwidth-perl:armhf 0.04-7+b2
2017-04-02 09:00:44 status unpacked libtext-charwidth-perl:armhf 0.04-7+b2
2017-04-02 09:00:44 status unpacked libtext-charwidth-perl:armhf 0.04-7+b2
2017-04-02 09:00:44 install libtext-iconv-perl:armhf <none> 1.7-5
2017-04-02 09:00:44 status half-installed libtext-iconv-perl:armhf 1.7-5
2017-04-02 09:00:44 status unpacked libtext-iconv-perl:armhf 1.7-5
2017-04-02 09:00:44 status unpacked libtext-iconv-perl:armhf 1.7-5
2017-04-02 09:00:44 install libtext-wrapi18n-perl:all <none> 0.06-7
2017-04-02 09:00:44 status half-installed libtext-wrapi18n-perl:all 0.06-7
2017-04-02 09:00:44 status unpacked libtext-wrapi18n-perl:all 0.06-7
2017-04-02 09:00:44 status unpacked libtext-wrapi18n-perl:all 0.06-7
2017-04-02 09:00:44 install lsb-base:all <none> 4.1+Debian8+deb7u1
2017-04-02 09:00:44 status half-installed lsb-base:all 4.1+Debian8+deb7u1
2017-04-02 09:00:44 status unpacked lsb-base:all 4.1+Debian8+deb7u1
2017-04-02 09:00:44 status unpacked lsb-base:all 4.1+Debian8+deb7u1
2017-04-02 09:00:44 upgrade mawk:armhf 1.3.3-17 1.3.3-17
2017-04-02 09:00:44 status half-configured mawk:armhf 1.3.3-17
2017-04-02 09:00:44 status unpacked mawk:armhf 1.3.3-17
2017-04-02 09:00:44 status half-installed mawk:armhf 1.3.3-17
2017-04-02 09:00:44 status half-installed mawk:armhf 1.3.3-17
2017-04-02 09:00:44 status unpacked mawk:armhf 1.3.3-17
2017-04-02 09:00:44 status unpacked mawk:armhf 1.3.3-17
2017-04-02 09:00:44 install libncurses5:armhf <none> 5.9-10
2017-04-02 09:00:44 status half-installed libncurses5:armhf 5.9-10
2017-04-02 09:00:44 status unpacked libncurses5:armhf 5.9-10
2017-04-02 09:00:44 status unpacked libncurses5:armhf 5.9-10
2017-04-02 09:00:44 install libtinfo5:armhf <none> 5.9-10
2017-04-02 09:00:44 status half-installed libtinfo5:armhf 5.9-10
2017-04-02 09:00:44 status unpacked libtinfo5:armhf 5.9-10
2017-04-02 09:00:44 status unpacked libtinfo5:armhf 5.9-10
2017-04-02 09:00:44 install ncurses-base:all <none> 5.9-10
2017-04-02 09:00:44 status half-installed ncurses-base:all 5.9-10
2017-04-02 09:00:44 status unpacked ncurses-base:all 5.9-10
2017-04-02 09:00:44 status unpacked ncurses-base:all 5.9-10
2017-04-02 09:00:45 install ncurses-bin:armhf <none> 5.9-10
2017-04-02 09:00:45 status half-installed ncurses-bin:armhf 5.9-10
2017-04-02 09:00:45 status unpacked ncurses-bin:armhf 5.9-10
2017-04-02 09:00:45 status unpacked ncurses-bin:armhf 5.9-10
2017-04-02 09:00:45 install libpam-modules:armhf <none> 1.1.3-7.1
2017-04-02 09:00:45 status half-installed libpam-modules:armhf 1.1.3-7.1
2017-04-02 09:00:46 status unpacked libpam-modules:armhf 1.1.3-7.1
2017-04-02 09:00:46 status unpacked libpam-modules:armhf 1.1.3-7.1
2017-04-02 09:00:46 install libpam-modules-bin:armhf <none> 1.1.3-7.1
2017-04-02 09:00:46 status half-installed libpam-modules-bin:armhf 1.1.3-7.1
2017-04-02 09:00:46 status unpacked libpam-modules-bin:armhf 1.1.3-7.1
2017-04-02 09:00:46 status unpacked libpam-modules-bin:armhf 1.1.3-7.1
2017-04-02 09:00:46 install libpam-runtime:all <none> 1.1.3-7.1
2017-04-02 09:00:46 status half-installed libpam-runtime:all 1.1.3-7.1
2017-04-02 09:00:46 status unpacked libpam-runtime:all 1.1.3-7.1
2017-04-02 09:00:46 status unpacked libpam-runtime:all 1.1.3-7.1
2017-04-02 09:00:46 install libpam0g:armhf <none> 1.1.3-7.1
2017-04-02 09:00:46 status half-installed libpam0g:armhf 1.1.3-7.1
2017-04-02 09:00:46 status unpacked libpam0g:armhf 1.1.3-7.1
2017-04-02 09:00:46 status unpacked libpam0g:armhf 1.1.3-7.1
2017-04-02 09:00:46 upgrade perl-base:armhf 5.14.2-21+deb7u3 5.14.2-21+deb7u3
2017-04-02 09:00:46 status half-configured perl-base:armhf 5.14.2-21+deb7u3
2017-04-02 09:00:46 status unpacked perl-base:armhf 5.14.2-21+deb7u3
2017-04-02 09:00:46 status half-installed perl-base:armhf 5.14.2-21+deb7u3
2017-04-02 09:00:46 status half-installed perl-base:armhf 5.14.2-21+deb7u3
2017-04-02 09:00:47 status unpacked perl-base:armhf 5.14.2-21+deb7u3
2017-04-02 09:00:47 status unpacked perl-base:armhf 5.14.2-21+deb7u3
2017-04-02 09:00:47 install sed:armhf <none> 4.2.1-10
2017-04-02 09:00:47 status half-installed sed:armhf 4.2.1-10
2017-04-02 09:00:47 status unpacked sed:armhf 4.2.1-10
2017-04-02 09:00:47 status unpacked sed:armhf 4.2.1-10
2017-04-02 09:00:47 install sensible-utils:all <none> 0.0.7
2017-04-02 09:00:47 status half-installed sensible-utils:all 0.0.7
2017-04-02 09:00:47 status unpacked sensible-utils:all 0.0.7
2017-04-02 09:00:47 status unpacked sensible-utils:all 0.0.7
2017-04-02 09:00:47 install login:armhf <none> 1:4.1.5.1-1
2017-04-02 09:00:47 status half-installed login:armhf 1:4.1.5.1-1
2017-04-02 09:00:47 status unpacked login:armhf 1:4.1.5.1-1
2017-04-02 09:00:48 status unpacked login:armhf 1:4.1.5.1-1
2017-04-02 09:00:48 install passwd:armhf <none> 1:4.1.5.1-1
2017-04-02 09:00:48 status half-installed passwd:armhf 1:4.1.5.1-1
2017-04-02 09:00:48 status unpacked passwd:armhf 1:4.1.5.1-1
2017-04-02 09:00:48 status unpacked passwd:armhf 1:4.1.5.1-1
2017-04-02 09:00:48 install libslang2:armhf <none> 2.2.4-15
2017-04-02 09:00:48 status half-installed libslang2:armhf 2.2.4-15
2017-04-02 09:00:48 status unpacked libslang2:armhf 2.2.4-15
2017-04-02 09:00:48 status unpacked libslang2:armhf 2.2.4-15
2017-04-02 09:00:48 install initscripts:armhf <none> 2.88dsf-41+deb7u1
2017-04-02 09:00:48 status half-installed initscripts:armhf 2.88dsf-41+deb7u1
2017-04-02 09:00:48 status unpacked initscripts:armhf 2.88dsf-41+deb7u1
2017-04-02 09:00:48 status unpacked initscripts:armhf 2.88dsf-41+deb7u1
2017-04-02 09:00:49 install sysv-rc:all <none> 2.88dsf-41+deb7u1
2017-04-02 09:00:49 status half-installed sysv-rc:all 2.88dsf-41+deb7u1
2017-04-02 09:00:49 status unpacked sysv-rc:all 2.88dsf-41+deb7u1
2017-04-02 09:00:49 status unpacked sysv-rc:all 2.88dsf-41+deb7u1
2017-04-02 09:00:49 install sysvinit:armhf <none> 2.88dsf-41+deb7u1
2017-04-02 09:00:49 status half-installed sysvinit:armhf 2.88dsf-41+deb7u1
2017-04-02 09:00:49 status unpacked sysvinit:armhf 2.88dsf-41+deb7u1
2017-04-02 09:00:49 status unpacked sysvinit:armhf 2.88dsf-41+deb7u1
2017-04-02 09:00:49 install sysvinit-utils:armhf <none> 2.88dsf-41+deb7u1
2017-04-02 09:00:49 status half-installed sysvinit-utils:armhf 2.88dsf-41+deb7u1
2017-04-02 09:00:49 status unpacked sysvinit-utils:armhf 2.88dsf-41+deb7u1
2017-04-02 09:00:49 status unpacked sysvinit-utils:armhf 2.88dsf-41+deb7u1
2017-04-02 09:00:49 install tar:armhf <none> 1.26+dfsg-0.1
2017-04-02 09:00:49 status half-installed tar:armhf 1.26+dfsg-0.1
2017-04-02 09:00:49 status unpacked tar:armhf 1.26+dfsg-0.1
2017-04-02 09:00:49 status unpacked tar:armhf 1.26+dfsg-0.1
2017-04-02 09:00:49 install tzdata:all <none> 2016d-0+deb7u1
2017-04-02 09:00:49 status half-installed tzdata:all 2016d-0+deb7u1
2017-04-02 09:00:50 status unpacked tzdata:all 2016d-0+deb7u1
2017-04-02 09:00:50 status unpacked tzdata:all 2016d-0+deb7u1
2017-04-02 09:00:50 install libustr-1.0-1:armhf <none> 1.0.4-3
2017-04-02 09:00:50 status half-installed libustr-1.0-1:armhf 1.0.4-3
2017-04-02 09:00:50 status unpacked libustr-1.0-1:armhf 1.0.4-3
2017-04-02 09:00:50 status unpacked libustr-1.0-1:armhf 1.0.4-3
2017-04-02 09:00:50 install bsdutils:armhf <none> 1:2.20.1-5.3
2017-04-02 09:00:50 status half-installed bsdutils:armhf 1:2.20.1-5.3
2017-04-02 09:00:50 status unpacked bsdutils:armhf 1:2.20.1-5.3
2017-04-02 09:00:50 status unpacked bsdutils:armhf 1:2.20.1-5.3
2017-04-02 09:00:50 install libblkid1:armhf <none> 2.20.1-5.3
2017-04-02 09:00:50 status half-installed libblkid1:armhf 2.20.1-5.3
2017-04-02 09:00:50 status unpacked libblkid1:armhf 2.20.1-5.3
2017-04-02 09:00:50 status unpacked libblkid1:armhf 2.20.1-5.3
2017-04-02 09:00:50 install libmount1:armhf <none> 2.20.1-5.3
2017-04-02 09:00:50 status half-installed libmount1:armhf 2.20.1-5.3
2017-04-02 09:00:50 status unpacked libmount1:armhf 2.20.1-5.3
2017-04-02 09:00:50 status unpacked libmount1:armhf 2.20.1-5.3
2017-04-02 09:00:50 install libuuid1:armhf <none> 2.20.1-5.3
2017-04-02 09:00:50 status half-installed libuuid1:armhf 2.20.1-5.3
2017-04-02 09:00:50 status unpacked libuuid1:armhf 2.20.1-5.3
2017-04-02 09:00:50 status unpacked libuuid1:armhf 2.20.1-5.3
2017-04-02 09:00:51 install mount:armhf <none> 2.20.1-5.3
2017-04-02 09:00:51 status half-installed mount:armhf 2.20.1-5.3
2017-04-02 09:00:51 status unpacked mount:armhf 2.20.1-5.3
2017-04-02 09:00:51 status unpacked mount:armhf 2.20.1-5.3
2017-04-02 09:00:51 install util-linux:armhf <none> 2.20.1-5.3
2017-04-02 09:00:51 status half-installed util-linux:armhf 2.20.1-5.3
2017-04-02 09:00:51 status unpacked util-linux:armhf 2.20.1-5.3
2017-04-02 09:00:51 status unpacked util-linux:armhf 2.20.1-5.3
2017-04-02 09:00:51 install liblzma5:armhf <none> 5.1.1alpha+20120614-2
2017-04-02 09:00:51 status half-installed liblzma5:armhf 5.1.1alpha+20120614-2
2017-04-02 09:00:51 status unpacked liblzma5:armhf 5.1.1alpha+20120614-2
2017-04-02 09:00:51 status unpacked liblzma5:armhf 5.1.1alpha+20120614-2
2017-04-02 09:00:51 install xz-utils:armhf <none> 5.1.1alpha+20120614-2
2017-04-02 09:00:51 status half-installed xz-utils:armhf 5.1.1alpha+20120614-2
2017-04-02 09:00:51 status unpacked xz-utils:armhf 5.1.1alpha+20120614-2
2017-04-02 09:00:51 status unpacked xz-utils:armhf 5.1.1alpha+20120614-2
2017-04-02 09:00:51 install zlib1g:armhf <none> 1:1.2.7.dfsg-13
2017-04-02 09:00:51 status half-installed zlib1g:armhf 1:1.2.7.dfsg-13
2017-04-02 09:00:52 status unpacked zlib1g:armhf 1:1.2.7.dfsg-13
2017-04-02 09:00:52 status unpacked zlib1g:armhf 1:1.2.7.dfsg-13
2017-04-02 09:00:52 startup packages configure
2017-04-02 09:00:52 configure lsb-base:all 4.1+Debian8+deb7u1 <none>
2017-04-02 09:00:52 status unpacked lsb-base:all 4.1+Debian8+deb7u1
2017-04-02 09:00:52 status half-configured lsb-base:all 4.1+Debian8+deb7u1
2017-04-02 09:00:52 status installed lsb-base:all 4.1+Debian8+deb7u1
2017-04-02 09:00:52 configure ncurses-base:all 5.9-10 <none>
2017-04-02 09:00:52 status unpacked ncurses-base:all 5.9-10
2017-04-02 09:00:52 status unpacked ncurses-base:all 5.9-10
2017-04-02 09:00:52 status half-configured ncurses-base:all 5.9-10
2017-04-02 09:00:52 status installed ncurses-base:all 5.9-10
2017-04-02 09:00:52 configure sensible-utils:all 0.0.7 <none>
2017-04-02 09:00:52 status unpacked sensible-utils:all 0.0.7
2017-04-02 09:00:52 status half-configured sensible-utils:all 0.0.7
2017-04-02 09:00:52 status installed sensible-utils:all 0.0.7
2017-04-02 09:00:52 configure libsemanage-common:all 2.1.6-6 <none>
2017-04-02 09:00:52 status unpacked libsemanage-common:all 2.1.6-6
2017-04-02 09:00:52 status unpacked libsemanage-common:all 2.1.6-6
2017-04-02 09:00:52 status half-configured libsemanage-common:all 2.1.6-6
2017-04-02 09:00:52 status installed libsemanage-common:all 2.1.6-6
2017-04-02 09:00:52 configure gcc-4.7-base:armhf 4.7.2-5 <none>
2017-04-02 09:00:52 status unpacked gcc-4.7-base:armhf 4.7.2-5
2017-04-02 09:00:52 status half-configured gcc-4.7-base:armhf 4.7.2-5
2017-04-02 09:00:52 status installed gcc-4.7-base:armhf 4.7.2-5
2017-04-02 09:00:52 configure libc-bin:armhf 2.13-38+deb7u10 <none>
2017-04-02 09:00:52 status unpacked libc-bin:armhf 2.13-38+deb7u10
2017-04-02 09:00:52 status unpacked libc-bin:armhf 2.13-38+deb7u10
2017-04-02 09:00:52 status unpacked libc-bin:armhf 2.13-38+deb7u10
2017-04-02 09:00:52 status unpacked libc-bin:armhf 2.13-38+deb7u10
2017-04-02 09:00:52 status unpacked libc-bin:armhf 2.13-38+deb7u10
2017-04-02 09:00:52 status half-configured libc-bin:armhf 2.13-38+deb7u10
2017-04-02 09:00:52 status installed libc-bin:armhf 2.13-38+deb7u10
2017-04-02 09:00:52 configure libc6:armhf 2.13-38+deb7u10 <none>
2017-04-02 09:00:52 status unpacked libc6:armhf 2.13-38+deb7u10
2017-04-02 09:00:52 status unpacked libc6:armhf 2.13-38+deb7u10
2017-04-02 09:00:52 status half-configured libc6:armhf 2.13-38+deb7u10
2017-04-02 09:00:54 status installed libc6:armhf 2.13-38+deb7u10
2017-04-02 09:00:54 configure debianutils:armhf 4.3.2 <none>
2017-04-02 09:00:54 status unpacked debianutils:armhf 4.3.2
2017-04-02 09:00:54 status half-configured debianutils:armhf 4.3.2
2017-04-02 09:00:54 status installed debianutils:armhf 4.3.2
2017-04-02 09:00:54 configure base-passwd:armhf 3.5.26 <none>
2017-04-02 09:00:54 status unpacked base-passwd:armhf 3.5.26
2017-04-02 09:00:54 status half-configured base-passwd:armhf 3.5.26
2017-04-02 09:00:54 status installed base-passwd:armhf 3.5.26
2017-04-02 09:00:54 configure mawk:armhf 1.3.3-17 <none>
2017-04-02 09:00:54 status unpacked mawk:armhf 1.3.3-17
2017-04-02 09:00:54 status half-configured mawk:armhf 1.3.3-17
2017-04-02 09:00:54 status installed mawk:armhf 1.3.3-17
2017-04-02 09:00:54 configure hostname:armhf 3.11 <none>
2017-04-02 09:00:54 status unpacked hostname:armhf 3.11
2017-04-02 09:00:54 status half-configured hostname:armhf 3.11
2017-04-02 09:00:54 status installed hostname:armhf 3.11
2017-04-02 09:00:54 configure insserv:armhf 1.14.0-5 <none>
2017-04-02 09:00:54 status unpacked insserv:armhf 1.14.0-5
2017-04-02 09:00:54 status unpacked insserv:armhf 1.14.0-5
2017-04-02 09:00:54 status unpacked insserv:armhf 1.14.0-5
2017-04-02 09:00:54 status half-configured insserv:armhf 1.14.0-5
2017-04-02 09:00:54 status installed insserv:armhf 1.14.0-5
2017-04-02 09:00:54 configure multiarch-support:armhf 2.13-38+deb7u10 <none>
2017-04-02 09:00:54 status unpacked multiarch-support:armhf 2.13-38+deb7u10
2017-04-02 09:00:54 status half-configured multiarch-support:armhf 2.13-38+deb7u10
2017-04-02 09:00:54 status installed multiarch-support:armhf 2.13-38+deb7u10
2017-04-02 09:00:54 configure libselinux1:armhf 2.1.9-5 <none>
2017-04-02 09:00:54 status unpacked libselinux1:armhf 2.1.9-5
2017-04-02 09:00:54 status half-configured libselinux1:armhf 2.1.9-5
2017-04-02 09:00:55 status installed libselinux1:armhf 2.1.9-5
2017-04-02 09:00:55 configure libsepol1:armhf 2.1.4-3 <none>
2017-04-02 09:00:55 status unpacked libsepol1:armhf 2.1.4-3
2017-04-02 09:00:55 status half-configured libsepol1:armhf 2.1.4-3
2017-04-02 09:00:56 status installed libsepol1:armhf 2.1.4-3
2017-04-02 09:00:56 configure libgcc1:armhf 1:4.7.2-5 <none>
2017-04-02 09:00:56 status unpacked libgcc1:armhf 1:4.7.2-5
2017-04-02 09:00:56 status half-configured libgcc1:armhf 1:4.7.2-5
2017-04-02 09:00:57 status installed libgcc1:armhf 1:4.7.2-5
2017-04-02 09:00:57 configure base-files:armhf 7.1wheezy11 <none>
2017-04-02 09:00:57 status unpacked base-files:armhf 7.1wheezy11
2017-04-02 09:00:57 status unpacked base-files:armhf 7.1wheezy11
2017-04-02 09:00:57 status unpacked base-files:armhf 7.1wheezy11
2017-04-02 09:00:57 status unpacked base-files:armhf 7.1wheezy11
2017-04-02 09:00:57 status unpacked base-files:armhf 7.1wheezy11
2017-04-02 09:00:57 status unpacked base-files:armhf 7.1wheezy11
2017-04-02 09:00:57 status unpacked base-files:armhf 7.1wheezy11
2017-04-02 09:00:57 status half-configured base-files:armhf 7.1wheezy11
2017-04-02 09:00:57 status installed base-files:armhf 7.1wheezy11
2017-04-02 09:00:57 configure libattr1:armhf 1:2.4.46-8 <none>
2017-04-02 09:00:57 status unpacked libattr1:armhf 1:2.4.46-8
2017-04-02 09:00:57 status half-configured libattr1:armhf 1:2.4.46-8
2017-04-02 09:00:57 status installed libattr1:armhf 1:2.4.46-8
2017-04-02 09:00:57 configure e2fslibs:armhf 1.42.5-1.1+deb7u1 <none>
2017-04-02 09:00:57 status unpacked e2fslibs:armhf 1.42.5-1.1+deb7u1
2017-04-02 09:00:57 status half-configured e2fslibs:armhf 1.42.5-1.1+deb7u1
2017-04-02 09:00:57 status installed e2fslibs:armhf 1.42.5-1.1+deb7u1
2017-04-02 09:00:57 configure libcomerr2:armhf 1.42.5-1.1+deb7u1 <none>
2017-04-02 09:00:57 status unpacked libcomerr2:armhf 1.42.5-1.1+deb7u1
2017-04-02 09:00:57 status half-configured libcomerr2:armhf 1.42.5-1.1+deb7u1
2017-04-02 09:00:57 status installed libcomerr2:armhf 1.42.5-1.1+deb7u1
2017-04-02 09:00:57 configure libacl1:armhf 2.2.51-8 <none>
2017-04-02 09:00:57 status unpacked libacl1:armhf 2.2.51-8
2017-04-02 09:00:57 status half-configured libacl1:armhf 2.2.51-8
2017-04-02 09:00:57 status installed libacl1:armhf 2.2.51-8
2017-04-02 09:00:57 configure libslang2:armhf 2.2.4-15 <none>
2017-04-02 09:00:57 status unpacked libslang2:armhf 2.2.4-15
2017-04-02 09:00:57 status half-configured libslang2:armhf 2.2.4-15
2017-04-02 09:00:57 status installed libslang2:armhf 2.2.4-15
2017-04-02 09:00:57 configure libss2:armhf 1.42.5-1.1+deb7u1 <none>
2017-04-02 09:00:57 status unpacked libss2:armhf 1.42.5-1.1+deb7u1
2017-04-02 09:00:57 status half-configured libss2:armhf 1.42.5-1.1+deb7u1
2017-04-02 09:00:57 status installed libss2:armhf 1.42.5-1.1+deb7u1
2017-04-02 09:00:57 configure liblzma5:armhf 5.1.1alpha+20120614-2 <none>
2017-04-02 09:00:57 status unpacked liblzma5:armhf 5.1.1alpha+20120614-2
2017-04-02 09:00:57 status half-configured liblzma5:armhf 5.1.1alpha+20120614-2
2017-04-02 09:00:57 status installed liblzma5:armhf 5.1.1alpha+20120614-2
2017-04-02 09:00:57 configure libdb5.1:armhf 5.1.29-5 <none>
2017-04-02 09:00:57 status unpacked libdb5.1:armhf 5.1.29-5
2017-04-02 09:00:57 status half-configured libdb5.1:armhf 5.1.29-5
2017-04-02 09:00:57 status installed libdb5.1:armhf 5.1.29-5
2017-04-02 09:00:57 configure libbz2-1.0:armhf 1.0.6-4 <none>
2017-04-02 09:00:57 status unpacked libbz2-1.0:armhf 1.0.6-4
2017-04-02 09:00:57 status half-configured libbz2-1.0:armhf 1.0.6-4
2017-04-02 09:00:57 status installed libbz2-1.0:armhf 1.0.6-4
2017-04-02 09:00:57 configure libtinfo5:armhf 5.9-10 <none>
2017-04-02 09:00:57 status unpacked libtinfo5:armhf 5.9-10
2017-04-02 09:00:57 status half-configured libtinfo5:armhf 5.9-10
2017-04-02 09:00:57 status installed libtinfo5:armhf 5.9-10
2017-04-02 09:00:57 configure sysvinit-utils:armhf 2.88dsf-41+deb7u1 <none>
2017-04-02 09:00:57 status unpacked sysvinit-utils:armhf 2.88dsf-41+deb7u1
2017-04-02 09:00:57 status unpacked sysvinit-utils:armhf 2.88dsf-41+deb7u1
2017-04-02 09:00:57 status half-configured sysvinit-utils:armhf 2.88dsf-41+deb7u1
2017-04-02 09:00:57 status installed sysvinit-utils:armhf 2.88dsf-41+deb7u1
2017-04-02 09:00:57 configure libustr-1.0-1:armhf 1.0.4-3 <none>
2017-04-02 09:00:57 status unpacked libustr-1.0-1:armhf 1.0.4-3
2017-04-02 09:00:57 status half-configured libustr-1.0-1:armhf 1.0.4-3
2017-04-02 09:00:57 status installed libustr-1.0-1:armhf 1.0.4-3
2017-04-02 09:00:57 configure bsdutils:armhf 1:2.20.1-5.3 <none>
2017-04-02 09:00:57 status unpacked bsdutils:armhf 1:2.20.1-5.3
2017-04-02 09:00:57 status half-configured bsdutils:armhf 1:2.20.1-5.3
2017-04-02 09:00:57 status installed bsdutils:armhf 1:2.20.1-5.3
2017-04-02 09:00:57 configure ncurses-bin:armhf 5.9-10 <none>
2017-04-02 09:00:57 status unpacked ncurses-bin:armhf 5.9-10
2017-04-02 09:00:57 status half-configured ncurses-bin:armhf 5.9-10
2017-04-02 09:00:57 status installed ncurses-bin:armhf 5.9-10
2017-04-02 09:00:57 configure libsemanage1:armhf 2.1.6-6 <none>
2017-04-02 09:00:57 status unpacked libsemanage1:armhf 2.1.6-6
2017-04-02 09:00:57 status half-configured libsemanage1:armhf 2.1.6-6
2017-04-02 09:00:57 status installed libsemanage1:armhf 2.1.6-6
2017-04-02 09:00:57 configure tar:armhf 1.26+dfsg-0.1 <none>
2017-04-02 09:00:57 status unpacked tar:armhf 1.26+dfsg-0.1
2017-04-02 09:00:57 status unpacked tar:armhf 1.26+dfsg-0.1
2017-04-02 09:00:57 status half-configured tar:armhf 1.26+dfsg-0.1
2017-04-02 09:00:57 status installed tar:armhf 1.26+dfsg-0.1
2017-04-02 09:00:57 configure zlib1g:armhf 1:1.2.7.dfsg-13 <none>
2017-04-02 09:00:57 status unpacked zlib1g:armhf 1:1.2.7.dfsg-13
2017-04-02 09:00:57 status half-configured zlib1g:armhf 1:1.2.7.dfsg-13
2017-04-02 09:00:57 status installed zlib1g:armhf 1:1.2.7.dfsg-13
2017-04-02 09:00:57 configure libncurses5:armhf 5.9-10 <none>
2017-04-02 09:00:57 status unpacked libncurses5:armhf 5.9-10
2017-04-02 09:00:57 status half-configured libncurses5:armhf 5.9-10
2017-04-02 09:00:57 status installed libncurses5:armhf 5.9-10
2017-04-02 09:00:57 configure xz-utils:armhf 5.1.1alpha+20120614-2 <none>
2017-04-02 09:00:57 status unpacked xz-utils:armhf 5.1.1alpha+20120614-2
2017-04-02 09:00:57 status half-configured xz-utils:armhf 5.1.1alpha+20120614-2
2017-04-02 09:00:58 status installed xz-utils:armhf 5.1.1alpha+20120614-2
2017-04-02 09:00:58 configure dpkg:armhf 1.16.18 <none>
2017-04-02 09:00:58 status unpacked dpkg:armhf 1.16.18
2017-04-02 09:00:58 status unpacked dpkg:armhf 1.16.18
2017-04-02 09:00:58 status unpacked dpkg:armhf 1.16.18
2017-04-02 09:00:58 status unpacked dpkg:armhf 1.16.18
2017-04-02 09:00:58 status unpacked dpkg:armhf 1.16.18
2017-04-02 09:00:58 status half-configured dpkg:armhf 1.16.18
2017-04-02 09:00:58 status installed dpkg:armhf 1.16.18
2017-04-02 09:00:58 configure dash:armhf 0.5.7-3 <none>
2017-04-02 09:00:58 status unpacked dash:armhf 0.5.7-3
2017-04-02 09:00:58 status half-configured dash:armhf 0.5.7-3
2017-04-02 09:00:59 status installed dash:armhf 0.5.7-3
2017-04-02 09:00:59 configure coreutils:armhf 8.13-3.5 <none>
2017-04-02 09:00:59 status unpacked coreutils:armhf 8.13-3.5
2017-04-02 09:00:59 status half-configured coreutils:armhf 8.13-3.5
2017-04-02 09:00:59 status installed coreutils:armhf 8.13-3.5
2017-04-02 09:00:59 configure perl-base:armhf 5.14.2-21+deb7u3 <none>
2017-04-02 09:00:59 status unpacked perl-base:armhf 5.14.2-21+deb7u3
2017-04-02 09:00:59 status half-configured perl-base:armhf 5.14.2-21+deb7u3
2017-04-02 09:00:59 status installed perl-base:armhf 5.14.2-21+deb7u3
2017-04-02 09:00:59 configure diffutils:armhf 1:3.2-6 <none>
2017-04-02 09:00:59 status unpacked diffutils:armhf 1:3.2-6
2017-04-02 09:00:59 status half-configured diffutils:armhf 1:3.2-6
2017-04-02 09:00:59 status installed diffutils:armhf 1:3.2-6
2017-04-02 09:00:59 configure libtext-iconv-perl:armhf 1.7-5 <none>
2017-04-02 09:00:59 status unpacked libtext-iconv-perl:armhf 1.7-5
2017-04-02 09:00:59 status half-configured libtext-iconv-perl:armhf 1.7-5
2017-04-02 09:00:59 status installed libtext-iconv-perl:armhf 1.7-5
2017-04-02 09:00:59 configure sed:armhf 4.2.1-10 <none>
2017-04-02 09:00:59 status unpacked sed:armhf 4.2.1-10
2017-04-02 09:00:59 status half-configured sed:armhf 4.2.1-10
2017-04-02 09:00:59 status installed sed:armhf 4.2.1-10
2017-04-02 09:00:59 configure grep:armhf 2.12-2 <none>
2017-04-02 09:00:59 status unpacked grep:armhf 2.12-2
2017-04-02 09:00:59 status half-configured grep:armhf 2.12-2
2017-04-02 09:00:59 status installed grep:armhf 2.12-2
2017-04-02 09:00:59 configure findutils:armhf 4.4.2-4 <none>
2017-04-02 09:00:59 status unpacked findutils:armhf 4.4.2-4
2017-04-02 09:00:59 status half-configured findutils:armhf 4.4.2-4
2017-04-02 09:00:59 status installed findutils:armhf 4.4.2-4
2017-04-02 09:00:59 configure gzip:armhf 1.5-1.1 <none>
2017-04-02 09:00:59 status unpacked gzip:armhf 1.5-1.1
2017-04-02 09:00:59 status half-configured gzip:armhf 1.5-1.1
2017-04-02 09:00:59 status installed gzip:armhf 1.5-1.1
2017-04-02 09:00:59 configure liblocale-gettext-perl:armhf 1.05-7+b3 <none>
2017-04-02 09:00:59 status unpacked liblocale-gettext-perl:armhf 1.05-7+b3
2017-04-02 09:00:59 status half-configured liblocale-gettext-perl:armhf 1.05-7+b3
2017-04-02 09:00:59 status installed liblocale-gettext-perl:armhf 1.05-7+b3
2017-04-02 09:00:59 configure bash:armhf 4.2+dfsg-0.1+deb7u3 <none>
2017-04-02 09:00:59 status unpacked bash:armhf 4.2+dfsg-0.1+deb7u3
2017-04-02 09:00:59 status unpacked bash:armhf 4.2+dfsg-0.1+deb7u3
2017-04-02 09:00:59 status unpacked bash:armhf 4.2+dfsg-0.1+deb7u3
2017-04-02 09:00:59 status unpacked bash:armhf 4.2+dfsg-0.1+deb7u3
2017-04-02 09:00:59 status unpacked bash:armhf 4.2+dfsg-0.1+deb7u3
2017-04-02 09:00:59 status half-configured bash:armhf 4.2+dfsg-0.1+deb7u3
2017-04-02 09:01:00 status installed bash:armhf 4.2+dfsg-0.1+deb7u3
2017-04-02 09:01:00 configure libtext-charwidth-perl:armhf 0.04-7+b2 <none>
2017-04-02 09:01:00 status unpacked libtext-charwidth-perl:armhf 0.04-7+b2
2017-04-02 09:01:00 status half-configured libtext-charwidth-perl:armhf 0.04-7+b2
2017-04-02 09:01:00 status installed libtext-charwidth-perl:armhf 0.04-7+b2
2017-04-02 09:01:00 configure libtext-wrapi18n-perl:all 0.06-7 <none>
2017-04-02 09:01:00 status unpacked libtext-wrapi18n-perl:all 0.06-7
2017-04-02 09:01:00 status half-configured libtext-wrapi18n-perl:all 0.06-7
2017-04-02 09:01:00 status installed libtext-wrapi18n-perl:all 0.06-7
2017-04-02 09:01:00 configure debconf:all 1.5.49 <none>
2017-04-02 09:01:00 status unpacked debconf:all 1.5.49
2017-04-02 09:01:00 status unpacked debconf:all 1.5.49
2017-04-02 09:01:00 status unpacked debconf:all 1.5.49
2017-04-02 09:01:00 status unpacked debconf:all 1.5.49
2017-04-02 09:01:00 status half-configured debconf:all 1.5.49
2017-04-02 09:01:01 status installed debconf:all 1.5.49
2017-04-02 09:01:01 configure libpam0g:armhf 1.1.3-7.1 <none>
2017-04-02 09:01:01 status unpacked libpam0g:armhf 1.1.3-7.1
2017-04-02 09:01:01 status half-configured libpam0g:armhf 1.1.3-7.1
2017-04-02 09:01:02 status installed libpam0g:armhf 1.1.3-7.1
2017-04-02 09:01:02 configure sysv-rc:all 2.88dsf-41+deb7u1 <none>
2017-04-02 09:01:02 status unpacked sysv-rc:all 2.88dsf-41+deb7u1
2017-04-02 09:01:02 status half-configured sysv-rc:all 2.88dsf-41+deb7u1
2017-04-02 09:01:02 status installed sysv-rc:all 2.88dsf-41+deb7u1
2017-04-02 09:01:02 configure tzdata:all 2016d-0+deb7u1 <none>
2017-04-02 09:01:02 status unpacked tzdata:all 2016d-0+deb7u1
2017-04-02 09:01:02 status half-configured tzdata:all 2016d-0+deb7u1
2017-04-02 09:01:03 status installed tzdata:all 2016d-0+deb7u1
2017-04-02 09:01:03 configure debconf-i18n:all 1.5.49 <none>
2017-04-02 09:01:03 status unpacked debconf-i18n:all 1.5.49
2017-04-02 09:01:03 status half-configured debconf-i18n:all 1.5.49
2017-04-02 09:01:03 status installed debconf-i18n:all 1.5.49
2017-04-02 09:01:03 configure initscripts:armhf 2.88dsf-41+deb7u1 <none>
2017-04-02 09:01:03 status unpacked initscripts:armhf 2.88dsf-41+deb7u1
2017-04-02 09:01:03 status unpacked initscripts:armhf 2.88dsf-41+deb7u1
2017-04-02 09:01:03 status unpacked initscripts:armhf 2.88dsf-41+deb7u1
2017-04-02 09:01:03 status unpacked initscripts:armhf 2.88dsf-41+deb7u1
2017-04-02 09:01:03 status unpacked initscripts:armhf 2.88dsf-41+deb7u1
2017-04-02 09:01:03 status unpacked initscripts:armhf 2.88dsf-41+deb7u1
2017-04-02 09:01:03 status unpacked initscripts:armhf 2.88dsf-41+deb7u1
2017-04-02 09:01:03 status unpacked initscripts:armhf 2.88dsf-41+deb7u1
2017-04-02 09:01:03 status unpacked initscripts:armhf 2.88dsf-41+deb7u1
2017-04-02 09:01:03 status unpacked initscripts:armhf 2.88dsf-41+deb7u1
2017-04-02 09:01:03 status unpacked initscripts:armhf 2.88dsf-41+deb7u1
2017-04-02 09:01:03 status unpacked initscripts:armhf 2.88dsf-41+deb7u1
2017-04-02 09:01:03 status unpacked initscripts:armhf 2.88dsf-41+deb7u1
2017-04-02 09:01:03 status unpacked initscripts:armhf 2.88dsf-41+deb7u1
2017-04-02 09:01:03 status unpacked initscripts:armhf 2.88dsf-41+deb7u1
2017-04-02 09:01:03 status unpacked initscripts:armhf 2.88dsf-41+deb7u1
2017-04-02 09:01:03 status unpacked initscripts:armhf 2.88dsf-41+deb7u1
2017-04-02 09:01:03 status unpacked initscripts:armhf 2.88dsf-41+deb7u1
2017-04-02 09:01:03 status unpacked initscripts:armhf 2.88dsf-41+deb7u1
2017-04-02 09:01:03 status unpacked initscripts:armhf 2.88dsf-41+deb7u1
2017-04-02 09:01:03 status unpacked initscripts:armhf 2.88dsf-41+deb7u1
2017-04-02 09:01:03 status unpacked initscripts:armhf 2.88dsf-41+deb7u1
2017-04-02 09:01:03 status unpacked initscripts:armhf 2.88dsf-41+deb7u1
2017-04-02 09:01:03 status unpacked initscripts:armhf 2.88dsf-41+deb7u1
2017-04-02 09:01:03 status unpacked initscripts:armhf 2.88dsf-41+deb7u1
2017-04-02 09:01:03 status unpacked initscripts:armhf 2.88dsf-41+deb7u1
2017-04-02 09:01:03 status unpacked initscripts:armhf 2.88dsf-41+deb7u1
2017-04-02 09:01:03 status unpacked initscripts:armhf 2.88dsf-41+deb7u1
2017-04-02 09:01:03 status unpacked initscripts:armhf 2.88dsf-41+deb7u1
2017-04-02 09:01:03 status unpacked initscripts:armhf 2.88dsf-41+deb7u1
2017-04-02 09:01:03 status unpacked initscripts:armhf 2.88dsf-41+deb7u1
2017-04-02 09:01:03 status half-configured initscripts:armhf 2.88dsf-41+deb7u1
2017-04-02 09:01:13 status installed initscripts:armhf 2.88dsf-41+deb7u1
2017-04-02 09:01:13 configure libpam-modules-bin:armhf 1.1.3-7.1 <none>
2017-04-02 09:01:13 status unpacked libpam-modules-bin:armhf 1.1.3-7.1
2017-04-02 09:01:13 status half-configured libpam-modules-bin:armhf 1.1.3-7.1
2017-04-02 09:01:13 status installed libpam-modules-bin:armhf 1.1.3-7.1
2017-04-02 09:01:13 configure libpam-modules:armhf 1.1.3-7.1 <none>
2017-04-02 09:01:13 status unpacked libpam-modules:armhf 1.1.3-7.1
2017-04-02 09:01:13 status unpacked libpam-modules:armhf 1.1.3-7.1
2017-04-02 09:01:13 status unpacked libpam-modules:armhf 1.1.3-7.1
2017-04-02 09:01:13 status unpacked libpam-modules:armhf 1.1.3-7.1
2017-04-02 09:01:13 status unpacked libpam-modules:armhf 1.1.3-7.1
2017-04-02 09:01:13 status unpacked libpam-modules:armhf 1.1.3-7.1
2017-04-02 09:01:13 status unpacked libpam-modules:armhf 1.1.3-7.1
2017-04-02 09:01:13 status unpacked libpam-modules:armhf 1.1.3-7.1
2017-04-02 09:01:13 status unpacked libpam-modules:armhf 1.1.3-7.1
2017-04-02 09:01:13 status half-configured libpam-modules:armhf 1.1.3-7.1
2017-04-02 09:01:13 status installed libpam-modules:armhf 1.1.3-7.1
2017-04-02 09:01:13 configure passwd:armhf 1:4.1.5.1-1 <none>
2017-04-02 09:01:13 status unpacked passwd:armhf 1:4.1.5.1-1
2017-04-02 09:01:13 status unpacked passwd:armhf 1:4.1.5.1-1
2017-04-02 09:01:13 status unpacked passwd:armhf 1:4.1.5.1-1
2017-04-02 09:01:13 status unpacked passwd:armhf 1:4.1.5.1-1
2017-04-02 09:01:13 status unpacked passwd:armhf 1:4.1.5.1-1
2017-04-02 09:01:13 status unpacked passwd:armhf 1:4.1.5.1-1
2017-04-02 09:01:13 status unpacked passwd:armhf 1:4.1.5.1-1
2017-04-02 09:01:13 status unpacked passwd:armhf 1:4.1.5.1-1
2017-04-02 09:01:13 status half-configured passwd:armhf 1:4.1.5.1-1
2017-04-02 09:01:13 status installed passwd:armhf 1:4.1.5.1-1
2017-04-02 09:01:13 configure libpam-runtime:all 1.1.3-7.1 <none>
2017-04-02 09:01:13 status unpacked libpam-runtime:all 1.1.3-7.1
2017-04-02 09:01:13 status unpacked libpam-runtime:all 1.1.3-7.1
2017-04-02 09:01:13 status unpacked libpam-runtime:all 1.1.3-7.1
2017-04-02 09:01:13 status half-configured libpam-runtime:all 1.1.3-7.1
2017-04-02 09:01:15 status installed libpam-runtime:all 1.1.3-7.1
2017-04-02 09:01:15 configure sysvinit:armhf 2.88dsf-41+deb7u1 <none>
2017-04-02 09:01:15 status unpacked sysvinit:armhf 2.88dsf-41+deb7u1
2017-04-02 09:01:15 status half-configured sysvinit:armhf 2.88dsf-41+deb7u1
2017-04-02 09:01:15 status installed sysvinit:armhf 2.88dsf-41+deb7u1
2017-04-02 09:01:15 configure login:armhf 1:4.1.5.1-1 <none>
2017-04-02 09:01:15 status unpacked login:armhf 1:4.1.5.1-1
2017-04-02 09:01:15 status unpacked login:armhf 1:4.1.5.1-1
2017-04-02 09:01:15 status unpacked login:armhf 1:4.1.5.1-1
2017-04-02 09:01:15 status unpacked login:armhf 1:4.1.5.1-1
2017-04-02 09:01:15 status unpacked login:armhf 1:4.1.5.1-1
2017-04-02 09:01:15 status half-configured login:armhf 1:4.1.5.1-1
2017-04-02 09:01:15 status installed login:armhf 1:4.1.5.1-1
2017-04-02 09:01:15 configure libuuid1:armhf 2.20.1-5.3 <none>
2017-04-02 09:01:15 status unpacked libuuid1:armhf 2.20.1-5.3
2017-04-02 09:01:15 status half-configured libuuid1:armhf 2.20.1-5.3
2017-04-02 09:01:15 status installed libuuid1:armhf 2.20.1-5.3
2017-04-02 09:01:15 configure libblkid1:armhf 2.20.1-5.3 <none>
2017-04-02 09:01:15 status unpacked libblkid1:armhf 2.20.1-5.3
2017-04-02 09:01:15 status half-configured libblkid1:armhf 2.20.1-5.3
2017-04-02 09:01:15 status installed libblkid1:armhf 2.20.1-5.3
2017-04-02 09:01:15 configure util-linux:armhf 2.20.1-5.3 <none>
2017-04-02 09:01:15 status unpacked util-linux:armhf 2.20.1-5.3
2017-04-02 09:01:15 status unpacked util-linux:armhf 2.20.1-5.3
2017-04-02 09:01:15 status unpacked util-linux:armhf 2.20.1-5.3
2017-04-02 09:01:15 status half-configured util-linux:armhf 2.20.1-5.3
2017-04-02 09:01:16 status installed util-linux:armhf 2.20.1-5.3
2017-04-02 09:01:16 configure libmount1:armhf 2.20.1-5.3 <none>
2017-04-02 09:01:16 status unpacked libmount1:armhf 2.20.1-5.3
2017-04-02 09:01:16 status half-configured libmount1:armhf 2.20.1-5.3
2017-04-02 09:01:16 status installed libmount1:armhf 2.20.1-5.3
2017-04-02 09:01:16 configure mount:armhf 2.20.1-5.3 <none>
2017-04-02 09:01:16 status unpacked mount:armhf 2.20.1-5.3
2017-04-02 09:01:16 status half-configured mount:armhf 2.20.1-5.3
2017-04-02 09:01:16 status installed mount:armhf 2.20.1-5.3
2017-04-02 09:01:16 configure e2fsprogs:armhf 1.42.5-1.1+deb7u1 <none>
2017-04-02 09:01:16 status unpacked e2fsprogs:armhf 1.42.5-1.1+deb7u1
2017-04-02 09:01:16 status unpacked e2fsprogs:armhf 1.42.5-1.1+deb7u1
2017-04-02 09:01:16 status half-configured e2fsprogs:armhf 1.42.5-1.1+deb7u1
2017-04-02 09:01:16 status installed e2fsprogs:armhf 1.42.5-1.1+deb7u1
2017-04-02 09:01:34 startup archives unpack
2017-04-02 09:01:34 install adduser:all <none> 3.113+nmu3
2017-04-02 09:01:34 status half-installed adduser:all 3.113+nmu3
2017-04-02 09:01:34 status unpacked adduser:all 3.113+nmu3
2017-04-02 09:01:34 status unpacked adduser:all 3.113+nmu3
2017-04-02 09:01:34 install apt:armhf <none> 0.9.7.9+deb7u7
2017-04-02 09:01:34 status half-installed apt:armhf 0.9.7.9+deb7u7
2017-04-02 09:01:35 status unpacked apt:armhf 0.9.7.9+deb7u7
2017-04-02 09:01:35 status unpacked apt:armhf 0.9.7.9+deb7u7
2017-04-02 09:01:35 install apt-utils:armhf <none> 0.9.7.9+deb7u7
2017-04-02 09:01:35 status half-installed apt-utils:armhf 0.9.7.9+deb7u7
2017-04-02 09:01:35 status unpacked apt-utils:armhf 0.9.7.9+deb7u7
2017-04-02 09:01:35 status unpacked apt-utils:armhf 0.9.7.9+deb7u7
2017-04-02 09:01:35 install libapt-inst1.5:armhf <none> 0.9.7.9+deb7u7
2017-04-02 09:01:35 status half-installed libapt-inst1.5:armhf 0.9.7.9+deb7u7
2017-04-02 09:01:35 status unpacked libapt-inst1.5:armhf 0.9.7.9+deb7u7
2017-04-02 09:01:35 status unpacked libapt-inst1.5:armhf 0.9.7.9+deb7u7
2017-04-02 09:01:35 install libapt-pkg4.12:armhf <none> 0.9.7.9+deb7u7
2017-04-02 09:01:35 status half-installed libapt-pkg4.12:armhf 0.9.7.9+deb7u7
2017-04-02 09:01:35 status unpacked libapt-pkg4.12:armhf 0.9.7.9+deb7u7
2017-04-02 09:01:35 status unpacked libapt-pkg4.12:armhf 0.9.7.9+deb7u7
2017-04-02 09:01:35 install aptitude:armhf <none> 0.6.8.2-1
2017-04-02 09:01:35 status half-installed aptitude:armhf 0.6.8.2-1
2017-04-02 09:01:36 status unpacked aptitude:armhf 0.6.8.2-1
2017-04-02 09:01:36 status unpacked aptitude:armhf 0.6.8.2-1
2017-04-02 09:01:36 install aptitude-common:all <none> 0.6.8.2-1
2017-04-02 09:01:36 status half-installed aptitude-common:all 0.6.8.2-1
2017-04-02 09:01:37 status unpacked aptitude-common:all 0.6.8.2-1
2017-04-02 09:01:37 status unpacked aptitude-common:all 0.6.8.2-1
2017-04-02 09:01:37 install libboost-iostreams1.49.0:armhf <none> 1.49.0-3.2
2017-04-02 09:01:37 status half-installed libboost-iostreams1.49.0:armhf 1.49.0-3.2
2017-04-02 09:01:37 status unpacked libboost-iostreams1.49.0:armhf 1.49.0-3.2
2017-04-02 09:01:37 status unpacked libboost-iostreams1.49.0:armhf 1.49.0-3.2
2017-04-02 09:01:37 install bsdmainutils:armhf <none> 9.0.3
2017-04-02 09:01:37 status half-installed bsdmainutils:armhf 9.0.3
2017-04-02 09:01:37 status unpacked bsdmainutils:armhf 9.0.3
2017-04-02 09:01:37 status unpacked bsdmainutils:armhf 9.0.3
2017-04-02 09:01:38 install cpio:armhf <none> 2.11+dfsg-0.1+deb7u2
2017-04-02 09:01:38 status half-installed cpio:armhf 2.11+dfsg-0.1+deb7u2
2017-04-02 09:01:38 status unpacked cpio:armhf 2.11+dfsg-0.1+deb7u2
2017-04-02 09:01:38 status unpacked cpio:armhf 2.11+dfsg-0.1+deb7u2
2017-04-02 09:01:38 install cron:armhf <none> 3.0pl1-124
2017-04-02 09:01:38 status half-installed cron:armhf 3.0pl1-124
2017-04-02 09:01:38 status unpacked cron:armhf 3.0pl1-124
2017-04-02 09:01:38 status unpacked cron:armhf 3.0pl1-124
2017-04-02 09:01:38 install libcwidget3:armhf <none> 0.5.16-3.4
2017-04-02 09:01:38 status half-installed libcwidget3:armhf 0.5.16-3.4
2017-04-02 09:01:38 status unpacked libcwidget3:armhf 0.5.16-3.4
2017-04-02 09:01:38 status unpacked libcwidget3:armhf 0.5.16-3.4
2017-04-02 09:01:38 install debian-archive-keyring:all <none> 2014.3~deb7u1
2017-04-02 09:01:38 status half-installed debian-archive-keyring:all 2014.3~deb7u1
2017-04-02 09:01:38 status unpacked debian-archive-keyring:all 2014.3~deb7u1
2017-04-02 09:01:38 status unpacked debian-archive-keyring:all 2014.3~deb7u1
2017-04-02 09:01:38 install libstdc++6:armhf <none> 4.7.2-5
2017-04-02 09:01:38 status half-installed libstdc++6:armhf 4.7.2-5
2017-04-02 09:01:38 status unpacked libstdc++6:armhf 4.7.2-5
2017-04-02 09:01:38 status unpacked libstdc++6:armhf 4.7.2-5
2017-04-02 09:01:38 install libgdbm3:armhf <none> 1.8.3-11
2017-04-02 09:01:38 status half-installed libgdbm3:armhf 1.8.3-11
2017-04-02 09:01:38 status unpacked libgdbm3:armhf 1.8.3-11
2017-04-02 09:01:38 status unpacked libgdbm3:armhf 1.8.3-11
2017-04-02 09:01:38 install gnupg:armhf <none> 1.4.12-7+deb7u7
2017-04-02 09:01:38 status half-installed gnupg:armhf 1.4.12-7+deb7u7
2017-04-02 09:01:39 status unpacked gnupg:armhf 1.4.12-7+deb7u7
2017-04-02 09:01:39 status unpacked gnupg:armhf 1.4.12-7+deb7u7
2017-04-02 09:01:39 install gpgv:armhf <none> 1.4.12-7+deb7u7
2017-04-02 09:01:39 status half-installed gpgv:armhf 1.4.12-7+deb7u7
2017-04-02 09:01:39 status unpacked gpgv:armhf 1.4.12-7+deb7u7
2017-04-02 09:01:39 status unpacked gpgv:armhf 1.4.12-7+deb7u7
2017-04-02 09:01:39 install libgnutls26:armhf <none> 2.12.20-8+deb7u5
2017-04-02 09:01:39 status half-installed libgnutls26:armhf 2.12.20-8+deb7u5
2017-04-02 09:01:39 status unpacked libgnutls26:armhf 2.12.20-8+deb7u5
2017-04-02 09:01:39 status unpacked libgnutls26:armhf 2.12.20-8+deb7u5
2017-04-02 09:01:39 install groff-base:armhf <none> 1.21-9
2017-04-02 09:01:39 status half-installed groff-base:armhf 1.21-9
2017-04-02 09:01:39 status unpacked groff-base:armhf 1.21-9
2017-04-02 09:01:39 status unpacked groff-base:armhf 1.21-9
2017-04-02 09:01:39 install ifupdown:armhf <none> 0.7.8
2017-04-02 09:01:39 status half-installed ifupdown:armhf 0.7.8
2017-04-02 09:01:40 status unpacked ifupdown:armhf 0.7.8
2017-04-02 09:01:40 status unpacked ifupdown:armhf 0.7.8
2017-04-02 09:01:40 install iproute:armhf <none> 20120521-3+b3
2017-04-02 09:01:40 status half-installed iproute:armhf 20120521-3+b3
2017-04-02 09:01:40 status unpacked iproute:armhf 20120521-3+b3
2017-04-02 09:01:40 status unpacked iproute:armhf 20120521-3+b3
2017-04-02 09:01:40 install iptables:armhf <none> 1.4.14-3.1
2017-04-02 09:01:40 status half-installed iptables:armhf 1.4.14-3.1
2017-04-02 09:01:40 status unpacked iptables:armhf 1.4.14-3.1
2017-04-02 09:01:40 status unpacked iptables:armhf 1.4.14-3.1
2017-04-02 09:01:40 install iputils-ping:armhf <none> 3:20101006-1+b2
2017-04-02 09:01:40 status half-installed iputils-ping:armhf 3:20101006-1+b2
2017-04-02 09:01:40 status unpacked iputils-ping:armhf 3:20101006-1+b2
2017-04-02 09:01:40 status unpacked iputils-ping:armhf 3:20101006-1+b2
2017-04-02 09:01:40 install isc-dhcp-client:armhf <none> 4.2.2.dfsg.1-5+deb70u8
2017-04-02 09:01:40 status half-installed isc-dhcp-client:armhf 4.2.2.dfsg.1-5+deb70u8
2017-04-02 09:01:40 status unpacked isc-dhcp-client:armhf 4.2.2.dfsg.1-5+deb70u8
2017-04-02 09:01:40 status unpacked isc-dhcp-client:armhf 4.2.2.dfsg.1-5+deb70u8
2017-04-02 09:01:40 install isc-dhcp-common:armhf <none> 4.2.2.dfsg.1-5+deb70u8
2017-04-02 09:01:40 status half-installed isc-dhcp-common:armhf 4.2.2.dfsg.1-5+deb70u8
2017-04-02 09:01:41 status unpacked isc-dhcp-common:armhf 4.2.2.dfsg.1-5+deb70u8
2017-04-02 09:01:41 status unpacked isc-dhcp-common:armhf 4.2.2.dfsg.1-5+deb70u8
2017-04-02 09:01:41 install kmod:armhf <none> 9-3
2017-04-02 09:01:41 status half-installed kmod:armhf 9-3
2017-04-02 09:01:41 status unpacked kmod:armhf 9-3
2017-04-02 09:01:41 status unpacked kmod:armhf 9-3
2017-04-02 09:01:41 install libkmod2:armhf <none> 9-3
2017-04-02 09:01:41 status half-installed libkmod2:armhf 9-3
2017-04-02 09:01:41 status unpacked libkmod2:armhf 9-3
2017-04-02 09:01:41 status unpacked libkmod2:armhf 9-3
2017-04-02 09:01:41 install libept1.4.12:armhf <none> 1.0.9
2017-04-02 09:01:41 status half-installed libept1.4.12:armhf 1.0.9
2017-04-02 09:01:41 status unpacked libept1.4.12:armhf 1.0.9
2017-04-02 09:01:41 status unpacked libept1.4.12:armhf 1.0.9
2017-04-02 09:01:41 install libgcrypt11:armhf <none> 1.5.0-5+deb7u4
2017-04-02 09:01:41 status half-installed libgcrypt11:armhf 1.5.0-5+deb7u4
2017-04-02 09:01:41 status unpacked libgcrypt11:armhf 1.5.0-5+deb7u4
2017-04-02 09:01:41 status unpacked libgcrypt11:armhf 1.5.0-5+deb7u4
2017-04-02 09:01:41 install libgpg-error0:armhf <none> 1.10-3.1
2017-04-02 09:01:41 status half-installed libgpg-error0:armhf 1.10-3.1
2017-04-02 09:01:41 status unpacked libgpg-error0:armhf 1.10-3.1
2017-04-02 09:01:41 status unpacked libgpg-error0:armhf 1.10-3.1
2017-04-02 09:01:41 install libidn11:armhf <none> 1.25-2
2017-04-02 09:01:41 status half-installed libidn11:armhf 1.25-2
2017-04-02 09:01:41 status unpacked libidn11:armhf 1.25-2
2017-04-02 09:01:41 status unpacked libidn11:armhf 1.25-2
2017-04-02 09:01:41 install libnfnetlink0:armhf <none> 1.0.0-1.1
2017-04-02 09:01:41 status half-installed libnfnetlink0:armhf 1.0.0-1.1
2017-04-02 09:01:41 status unpacked libnfnetlink0:armhf 1.0.0-1.1
2017-04-02 09:01:41 status unpacked libnfnetlink0:armhf 1.0.0-1.1
2017-04-02 09:01:42 install libpipeline1:armhf <none> 1.2.1-1
2017-04-02 09:01:42 status half-installed libpipeline1:armhf 1.2.1-1
2017-04-02 09:01:42 status unpacked libpipeline1:armhf 1.2.1-1
2017-04-02 09:01:42 status unpacked libpipeline1:armhf 1.2.1-1
2017-04-02 09:01:42 install libsigc++-2.0-0c2a:armhf <none> 2.2.10-0.2
2017-04-02 09:01:42 status half-installed libsigc++-2.0-0c2a:armhf 2.2.10-0.2
2017-04-02 09:01:42 status unpacked libsigc++-2.0-0c2a:armhf 2.2.10-0.2
2017-04-02 09:01:42 status unpacked libsigc++-2.0-0c2a:armhf 2.2.10-0.2
2017-04-02 09:01:42 install libtasn1-3:armhf <none> 2.13-2+deb7u2
2017-04-02 09:01:42 status half-installed libtasn1-3:armhf 2.13-2+deb7u2
2017-04-02 09:01:42 status unpacked libtasn1-3:armhf 2.13-2+deb7u2
2017-04-02 09:01:42 status unpacked libtasn1-3:armhf 2.13-2+deb7u2
2017-04-02 09:01:42 install libusb-0.1-4:armhf <none> 2:0.1.12-20+nmu1
2017-04-02 09:01:42 status half-installed libusb-0.1-4:armhf 2:0.1.12-20+nmu1
2017-04-02 09:01:42 status unpacked libusb-0.1-4:armhf 2:0.1.12-20+nmu1
2017-04-02 09:01:42 status unpacked libusb-0.1-4:armhf 2:0.1.12-20+nmu1
2017-04-02 09:01:42 install logrotate:armhf <none> 3.8.1-4
2017-04-02 09:01:42 status half-installed logrotate:armhf 3.8.1-4
2017-04-02 09:01:42 status unpacked logrotate:armhf 3.8.1-4
2017-04-02 09:01:42 status unpacked logrotate:armhf 3.8.1-4
2017-04-02 09:01:42 install man-db:armhf <none> 2.6.2-1
2017-04-02 09:01:42 status half-installed man-db:armhf 2.6.2-1
2017-04-02 09:01:42 status unpacked man-db:armhf 2.6.2-1
2017-04-02 09:01:42 status unpacked man-db:armhf 2.6.2-1
2017-04-02 09:01:42 install manpages:all <none> 3.44-1
2017-04-02 09:01:42 status half-installed manpages:all 3.44-1
2017-04-02 09:01:43 status unpacked manpages:all 3.44-1
2017-04-02 09:01:43 status unpacked manpages:all 3.44-1
2017-04-02 09:01:43 install nano:armhf <none> 2.2.6-1+b2
2017-04-02 09:01:43 status half-installed nano:armhf 2.2.6-1+b2
2017-04-02 09:01:43 status unpacked nano:armhf 2.2.6-1+b2
2017-04-02 09:01:43 status unpacked nano:armhf 2.2.6-1+b2
2017-04-02 09:01:43 install libncursesw5:armhf <none> 5.9-10
2017-04-02 09:01:43 status half-installed libncursesw5:armhf 5.9-10
2017-04-02 09:01:43 status unpacked libncursesw5:armhf 5.9-10
2017-04-02 09:01:43 status unpacked libncursesw5:armhf 5.9-10
2017-04-02 09:01:43 install net-tools:armhf <none> 1.60-24.2
2017-04-02 09:01:43 status half-installed net-tools:armhf 1.60-24.2
2017-04-02 09:01:43 status unpacked net-tools:armhf 1.60-24.2
2017-04-02 09:01:43 status unpacked net-tools:armhf 1.60-24.2
2017-04-02 09:01:43 install netbase:all <none> 5.0
2017-04-02 09:01:43 status half-installed netbase:all 5.0
2017-04-02 09:01:43 status unpacked netbase:all 5.0
2017-04-02 09:01:43 status unpacked netbase:all 5.0
2017-04-02 09:01:43 install netcat-traditional:armhf <none> 1.10-40
2017-04-02 09:01:43 status half-installed netcat-traditional:armhf 1.10-40
2017-04-02 09:01:43 status unpacked netcat-traditional:armhf 1.10-40
2017-04-02 09:01:43 status unpacked netcat-traditional:armhf 1.10-40
2017-04-02 09:01:43 install libnewt0.52:armhf <none> 0.52.14-11.1
2017-04-02 09:01:43 status half-installed libnewt0.52:armhf 0.52.14-11.1
2017-04-02 09:01:43 status unpacked libnewt0.52:armhf 0.52.14-11.1
2017-04-02 09:01:43 status unpacked libnewt0.52:armhf 0.52.14-11.1
2017-04-02 09:01:44 install whiptail:armhf <none> 0.52.14-11.1
2017-04-02 09:01:44 status half-installed whiptail:armhf 0.52.14-11.1
2017-04-02 09:01:44 status unpacked whiptail:armhf 0.52.14-11.1
2017-04-02 09:01:44 status unpacked whiptail:armhf 0.52.14-11.1
2017-04-02 09:01:44 install libssl1.0.0:armhf <none> 1.0.1e-2+deb7u20
2017-04-02 09:01:44 status half-installed libssl1.0.0:armhf 1.0.1e-2+deb7u20
2017-04-02 09:01:44 status unpacked libssl1.0.0:armhf 1.0.1e-2+deb7u20
2017-04-02 09:01:44 status unpacked libssl1.0.0:armhf 1.0.1e-2+deb7u20
2017-04-02 09:01:44 install libp11-kit0:armhf <none> 0.12-3
2017-04-02 09:01:44 status half-installed libp11-kit0:armhf 0.12-3
2017-04-02 09:01:44 status unpacked libp11-kit0:armhf 0.12-3
2017-04-02 09:01:44 status unpacked libp11-kit0:armhf 0.12-3
2017-04-02 09:01:44 install libpopt0:armhf <none> 1.16-7
2017-04-02 09:01:44 status half-installed libpopt0:armhf 1.16-7
2017-04-02 09:01:44 status unpacked libpopt0:armhf 1.16-7
2017-04-02 09:01:44 status unpacked libpopt0:armhf 1.16-7
2017-04-02 09:01:44 install libprocps0:armhf <none> 1:3.3.3-3
2017-04-02 09:01:44 status half-installed libprocps0:armhf 1:3.3.3-3
2017-04-02 09:01:44 status unpacked libprocps0:armhf 1:3.3.3-3
2017-04-02 09:01:44 status unpacked libprocps0:armhf 1:3.3.3-3
2017-04-02 09:01:44 install procps:armhf <none> 1:3.3.3-3
2017-04-02 09:01:44 status half-installed procps:armhf 1:3.3.3-3
2017-04-02 09:01:44 status unpacked procps:armhf 1:3.3.3-3
2017-04-02 09:01:44 status unpacked procps:armhf 1:3.3.3-3
2017-04-02 09:01:44 install libreadline6:armhf <none> 6.2+dfsg-0.1
2017-04-02 09:01:44 status half-installed libreadline6:armhf 6.2+dfsg-0.1
2017-04-02 09:01:44 status unpacked libreadline6:armhf 6.2+dfsg-0.1
2017-04-02 09:01:44 status unpacked libreadline6:armhf 6.2+dfsg-0.1
2017-04-02 09:01:45 install readline-common:all <none> 6.2+dfsg-0.1
2017-04-02 09:01:45 status half-installed readline-common:all 6.2+dfsg-0.1
2017-04-02 09:01:45 status unpacked readline-common:all 6.2+dfsg-0.1
2017-04-02 09:01:45 status unpacked readline-common:all 6.2+dfsg-0.1
2017-04-02 09:01:45 install rsyslog:armhf <none> 5.8.11-3+deb7u2
2017-04-02 09:01:45 status half-installed rsyslog:armhf 5.8.11-3+deb7u2
2017-04-02 09:01:45 status unpacked rsyslog:armhf 5.8.11-3+deb7u2
2017-04-02 09:01:45 status unpacked rsyslog:armhf 5.8.11-3+deb7u2
2017-04-02 09:01:45 install libsqlite3-0:armhf <none> 3.7.13-1+deb7u2
2017-04-02 09:01:45 status half-installed libsqlite3-0:armhf 3.7.13-1+deb7u2
2017-04-02 09:01:45 status unpacked libsqlite3-0:armhf 3.7.13-1+deb7u2
2017-04-02 09:01:45 status unpacked libsqlite3-0:armhf 3.7.13-1+deb7u2
2017-04-02 09:01:45 install tasksel:all <none> 3.14.1
2017-04-02 09:01:45 status half-installed tasksel:all 3.14.1
2017-04-02 09:01:45 status unpacked tasksel:all 3.14.1
2017-04-02 09:01:45 status unpacked tasksel:all 3.14.1
2017-04-02 09:01:45 install tasksel-data:all <none> 3.14.1
2017-04-02 09:01:45 status half-installed tasksel-data:all 3.14.1
2017-04-02 09:01:45 status unpacked tasksel-data:all 3.14.1
2017-04-02 09:01:45 status unpacked tasksel-data:all 3.14.1
2017-04-02 09:01:45 install info:armhf <none> 4.13a.dfsg.1-10
2017-04-02 09:01:45 status half-installed info:armhf 4.13a.dfsg.1-10
2017-04-02 09:01:45 status unpacked info:armhf 4.13a.dfsg.1-10
2017-04-02 09:01:45 status unpacked info:armhf 4.13a.dfsg.1-10
2017-04-02 09:01:46 install install-info:armhf <none> 4.13a.dfsg.1-10
2017-04-02 09:01:46 status half-installed install-info:armhf 4.13a.dfsg.1-10
2017-04-02 09:01:46 status unpacked install-info:armhf 4.13a.dfsg.1-10
2017-04-02 09:01:46 status unpacked install-info:armhf 4.13a.dfsg.1-10
2017-04-02 09:01:46 install traceroute:armhf <none> 1:2.0.18-3
2017-04-02 09:01:46 status half-installed traceroute:armhf 1:2.0.18-3
2017-04-02 09:01:46 status unpacked traceroute:armhf 1:2.0.18-3
2017-04-02 09:01:46 status unpacked traceroute:armhf 1:2.0.18-3
2017-04-02 09:01:46 install libudev0:armhf <none> 175-7.2
2017-04-02 09:01:46 status half-installed libudev0:armhf 175-7.2
2017-04-02 09:01:46 status unpacked libudev0:armhf 175-7.2
2017-04-02 09:01:46 status unpacked libudev0:armhf 175-7.2
2017-04-02 09:01:46 install udev:armhf <none> 175-7.2
2017-04-02 09:01:46 status half-installed udev:armhf 175-7.2
2017-04-02 09:01:47 status unpacked udev:armhf 175-7.2
2017-04-02 09:01:47 status unpacked udev:armhf 175-7.2
2017-04-02 09:01:47 install vim-common:armhf <none> 2:7.3.547-7
2017-04-02 09:01:47 status half-installed vim-common:armhf 2:7.3.547-7
2017-04-02 09:01:47 status unpacked vim-common:armhf 2:7.3.547-7
2017-04-02 09:01:47 status unpacked vim-common:armhf 2:7.3.547-7
2017-04-02 09:01:47 install vim-tiny:armhf <none> 2:7.3.547-7
2017-04-02 09:01:47 status half-installed vim-tiny:armhf 2:7.3.547-7
2017-04-02 09:01:48 status unpacked vim-tiny:armhf 2:7.3.547-7
2017-04-02 09:01:48 status unpacked vim-tiny:armhf 2:7.3.547-7
2017-04-02 09:01:48 install wget:armhf <none> 1.13.4-3+deb7u2
2017-04-02 09:01:48 status half-installed wget:armhf 1.13.4-3+deb7u2
2017-04-02 09:01:48 status unpacked wget:armhf 1.13.4-3+deb7u2
2017-04-02 09:01:48 status unpacked wget:armhf 1.13.4-3+deb7u2
2017-04-02 09:01:48 install libxapian22:armhf <none> 1.2.12-2+deb7u1
2017-04-02 09:01:48 status half-installed libxapian22:armhf 1.2.12-2+deb7u1
2017-04-02 09:01:48 status unpacked libxapian22:armhf 1.2.12-2+deb7u1
2017-04-02 09:01:48 status unpacked libxapian22:armhf 1.2.12-2+deb7u1
2017-04-02 09:01:48 startup packages configure
2017-04-02 09:01:48 configure gpgv:armhf 1.4.12-7+deb7u7 <none>
2017-04-02 09:01:48 status unpacked gpgv:armhf 1.4.12-7+deb7u7
2017-04-02 09:01:48 status half-configured gpgv:armhf 1.4.12-7+deb7u7
2017-04-02 09:01:48 status installed gpgv:armhf 1.4.12-7+deb7u7
2017-04-02 09:01:48 configure libssl1.0.0:armhf 1.0.1e-2+deb7u20 <none>
2017-04-02 09:01:48 status unpacked libssl1.0.0:armhf 1.0.1e-2+deb7u20
2017-04-02 09:01:48 status half-configured libssl1.0.0:armhf 1.0.1e-2+deb7u20
2017-04-02 09:01:49 status installed libssl1.0.0:armhf 1.0.1e-2+deb7u20
2017-04-02 09:01:49 configure libgdbm3:armhf 1.8.3-11 <none>
2017-04-02 09:01:49 status unpacked libgdbm3:armhf 1.8.3-11
2017-04-02 09:01:49 status half-configured libgdbm3:armhf 1.8.3-11
2017-04-02 09:01:49 status installed libgdbm3:armhf 1.8.3-11
2017-04-02 09:01:49 configure isc-dhcp-common:armhf 4.2.2.dfsg.1-5+deb70u8 <none>
2017-04-02 09:01:49 status unpacked isc-dhcp-common:armhf 4.2.2.dfsg.1-5+deb70u8
2017-04-02 09:01:49 status half-configured isc-dhcp-common:armhf 4.2.2.dfsg.1-5+deb70u8
2017-04-02 09:01:49 status installed isc-dhcp-common:armhf 4.2.2.dfsg.1-5+deb70u8
2017-04-02 09:01:49 configure libtasn1-3:armhf 2.13-2+deb7u2 <none>
2017-04-02 09:01:49 status unpacked libtasn1-3:armhf 2.13-2+deb7u2
2017-04-02 09:01:49 status half-configured libtasn1-3:armhf 2.13-2+deb7u2
2017-04-02 09:01:49 status installed libtasn1-3:armhf 2.13-2+deb7u2
2017-04-02 09:01:49 configure libpopt0:armhf 1.16-7 <none>
2017-04-02 09:01:49 status unpacked libpopt0:armhf 1.16-7
2017-04-02 09:01:49 status half-configured libpopt0:armhf 1.16-7
2017-04-02 09:01:49 status installed libpopt0:armhf 1.16-7
2017-04-02 09:01:49 configure libusb-0.1-4:armhf 2:0.1.12-20+nmu1 <none>
2017-04-02 09:01:49 status unpacked libusb-0.1-4:armhf 2:0.1.12-20+nmu1
2017-04-02 09:01:49 status half-configured libusb-0.1-4:armhf 2:0.1.12-20+nmu1
2017-04-02 09:01:49 status installed libusb-0.1-4:armhf 2:0.1.12-20+nmu1
2017-04-02 09:01:49 configure libgpg-error0:armhf 1.10-3.1 <none>
2017-04-02 09:01:49 status unpacked libgpg-error0:armhf 1.10-3.1
2017-04-02 09:01:49 status half-configured libgpg-error0:armhf 1.10-3.1
2017-04-02 09:01:49 status installed libgpg-error0:armhf 1.10-3.1
2017-04-02 09:01:49 configure install-info:armhf 4.13a.dfsg.1-10 <none>
2017-04-02 09:01:49 status unpacked install-info:armhf 4.13a.dfsg.1-10
2017-04-02 09:01:49 status half-configured install-info:armhf 4.13a.dfsg.1-10
2017-04-02 09:01:50 status installed install-info:armhf 4.13a.dfsg.1-10
2017-04-02 09:01:50 configure vim-common:armhf 2:7.3.547-7 <none>
2017-04-02 09:01:50 status unpacked vim-common:armhf 2:7.3.547-7
2017-04-02 09:01:50 status unpacked vim-common:armhf 2:7.3.547-7
2017-04-02 09:01:50 status half-configured vim-common:armhf 2:7.3.547-7
2017-04-02 09:01:50 status installed vim-common:armhf 2:7.3.547-7
2017-04-02 09:01:50 configure libprocps0:armhf 1:3.3.3-3 <none>
2017-04-02 09:01:50 status unpacked libprocps0:armhf 1:3.3.3-3
2017-04-02 09:01:50 status half-configured libprocps0:armhf 1:3.3.3-3
2017-04-02 09:01:50 status installed libprocps0:armhf 1:3.3.3-3
2017-04-02 09:01:50 configure netbase:all 5.0 <none>
2017-04-02 09:01:50 status unpacked netbase:all 5.0
2017-04-02 09:01:50 status unpacked netbase:all 5.0
2017-04-02 09:01:50 status unpacked netbase:all 5.0
2017-04-02 09:01:50 status unpacked netbase:all 5.0
2017-04-02 09:01:50 status half-configured netbase:all 5.0
2017-04-02 09:01:50 status installed netbase:all 5.0
2017-04-02 09:01:50 configure libudev0:armhf 175-7.2 <none>
2017-04-02 09:01:50 status unpacked libudev0:armhf 175-7.2
2017-04-02 09:01:50 status half-configured libudev0:armhf 175-7.2
2017-04-02 09:01:50 status installed libudev0:armhf 175-7.2
2017-04-02 09:01:50 configure libkmod2:armhf 9-3 <none>
2017-04-02 09:01:50 status unpacked libkmod2:armhf 9-3
2017-04-02 09:01:50 status half-configured libkmod2:armhf 9-3
2017-04-02 09:01:50 status installed libkmod2:armhf 9-3
2017-04-02 09:01:50 configure adduser:all 3.113+nmu3 <none>
2017-04-02 09:01:50 status unpacked adduser:all 3.113+nmu3
2017-04-02 09:01:50 status unpacked adduser:all 3.113+nmu3
2017-04-02 09:01:50 status half-configured adduser:all 3.113+nmu3
2017-04-02 09:01:51 status installed adduser:all 3.113+nmu3
2017-04-02 09:01:51 configure traceroute:armhf 1:2.0.18-3 <none>
2017-04-02 09:01:51 status unpacked traceroute:armhf 1:2.0.18-3
2017-04-02 09:01:51 status half-configured traceroute:armhf 1:2.0.18-3
2017-04-02 09:01:52 status installed traceroute:armhf 1:2.0.18-3
2017-04-02 09:01:52 configure manpages:all 3.44-1 <none>
2017-04-02 09:01:52 status unpacked manpages:all 3.44-1
2017-04-02 09:01:52 status half-configured manpages:all 3.44-1
2017-04-02 09:01:52 status installed manpages:all 3.44-1
2017-04-02 09:01:52 configure libsqlite3-0:armhf 3.7.13-1+deb7u2 <none>
2017-04-02 09:01:52 status unpacked libsqlite3-0:armhf 3.7.13-1+deb7u2
2017-04-02 09:01:52 status half-configured libsqlite3-0:armhf 3.7.13-1+deb7u2
2017-04-02 09:01:52 status installed libsqlite3-0:armhf 3.7.13-1+deb7u2
2017-04-02 09:01:52 configure iproute:armhf 20120521-3+b3 <none>
2017-04-02 09:01:52 status unpacked iproute:armhf 20120521-3+b3
2017-04-02 09:01:52 status unpacked iproute:armhf 20120521-3+b3
2017-04-02 09:01:52 status unpacked iproute:armhf 20120521-3+b3
2017-04-02 09:01:52 status unpacked iproute:armhf 20120521-3+b3
2017-04-02 09:01:52 status unpacked iproute:armhf 20120521-3+b3
2017-04-02 09:01:52 status unpacked iproute:armhf 20120521-3+b3
2017-04-02 09:01:52 status unpacked iproute:armhf 20120521-3+b3
2017-04-02 09:01:52 status unpacked iproute:armhf 20120521-3+b3
2017-04-02 09:01:52 status half-configured iproute:armhf 20120521-3+b3
2017-04-02 09:01:52 status installed iproute:armhf 20120521-3+b3
2017-04-02 09:01:52 configure libidn11:armhf 1.25-2 <none>
2017-04-02 09:01:52 status unpacked libidn11:armhf 1.25-2
2017-04-02 09:01:52 status half-configured libidn11:armhf 1.25-2
2017-04-02 09:01:52 status installed libidn11:armhf 1.25-2
2017-04-02 09:01:52 configure libnewt0.52:armhf 0.52.14-11.1 <none>
2017-04-02 09:01:52 status unpacked libnewt0.52:armhf 0.52.14-11.1
2017-04-02 09:01:52 status half-configured libnewt0.52:armhf 0.52.14-11.1
2017-04-02 09:01:52 status installed libnewt0.52:armhf 0.52.14-11.1
2017-04-02 09:01:52 configure net-tools:armhf 1.60-24.2 <none>
2017-04-02 09:01:52 status unpacked net-tools:armhf 1.60-24.2
2017-04-02 09:01:52 status half-configured net-tools:armhf 1.60-24.2
2017-04-02 09:01:52 status installed net-tools:armhf 1.60-24.2
2017-04-02 09:01:52 configure libpipeline1:armhf 1.2.1-1 <none>
2017-04-02 09:01:52 status unpacked libpipeline1:armhf 1.2.1-1
2017-04-02 09:01:52 status half-configured libpipeline1:armhf 1.2.1-1
2017-04-02 09:01:52 status installed libpipeline1:armhf 1.2.1-1
2017-04-02 09:01:52 configure bsdmainutils:armhf 9.0.3 <none>
2017-04-02 09:01:52 status unpacked bsdmainutils:armhf 9.0.3
2017-04-02 09:01:52 status unpacked bsdmainutils:armhf 9.0.3
2017-04-02 09:01:52 status unpacked bsdmainutils:armhf 9.0.3
2017-04-02 09:01:52 status unpacked bsdmainutils:armhf 9.0.3
2017-04-02 09:01:52 status half-configured bsdmainutils:armhf 9.0.3
2017-04-02 09:01:52 status installed bsdmainutils:armhf 9.0.3
2017-04-02 09:01:52 configure netcat-traditional:armhf 1.10-40 <none>
2017-04-02 09:01:52 status unpacked netcat-traditional:armhf 1.10-40
2017-04-02 09:01:52 status half-configured netcat-traditional:armhf 1.10-40
2017-04-02 09:01:52 status installed netcat-traditional:armhf 1.10-40
2017-04-02 09:01:52 configure debian-archive-keyring:all 2014.3~deb7u1 <none>
2017-04-02 09:01:52 status unpacked debian-archive-keyring:all 2014.3~deb7u1
2017-04-02 09:01:52 status unpacked debian-archive-keyring:all 2014.3~deb7u1
2017-04-02 09:01:52 status unpacked debian-archive-keyring:all 2014.3~deb7u1
2017-04-02 09:01:52 status unpacked debian-archive-keyring:all 2014.3~deb7u1
2017-04-02 09:01:52 status unpacked debian-archive-keyring:all 2014.3~deb7u1
2017-04-02 09:01:52 status unpacked debian-archive-keyring:all 2014.3~deb7u1
2017-04-02 09:01:52 status unpacked debian-archive-keyring:all 2014.3~deb7u1
2017-04-02 09:01:52 status unpacked debian-archive-keyring:all 2014.3~deb7u1
2017-04-02 09:01:52 status half-configured debian-archive-keyring:all 2014.3~deb7u1
2017-04-02 09:01:52 status installed debian-archive-keyring:all 2014.3~deb7u1
2017-04-02 09:01:52 configure libncursesw5:armhf 5.9-10 <none>
2017-04-02 09:01:52 status unpacked libncursesw5:armhf 5.9-10
2017-04-02 09:01:52 status half-configured libncursesw5:armhf 5.9-10
2017-04-02 09:01:52 status installed libncursesw5:armhf 5.9-10
2017-04-02 09:01:52 configure info:armhf 4.13a.dfsg.1-10 <none>
2017-04-02 09:01:52 status unpacked info:armhf 4.13a.dfsg.1-10
2017-04-02 09:01:52 status half-configured info:armhf 4.13a.dfsg.1-10
2017-04-02 09:01:52 status installed info:armhf 4.13a.dfsg.1-10
2017-04-02 09:01:52 configure iputils-ping:armhf 3:20101006-1+b2 <none>
2017-04-02 09:01:52 status unpacked iputils-ping:armhf 3:20101006-1+b2
2017-04-02 09:01:52 status half-configured iputils-ping:armhf 3:20101006-1+b2
2017-04-02 09:01:52 status installed iputils-ping:armhf 3:20101006-1+b2
2017-04-02 09:01:52 configure aptitude-common:all 0.6.8.2-1 <none>
2017-04-02 09:01:52 status unpacked aptitude-common:all 0.6.8.2-1
2017-04-02 09:01:52 status half-configured aptitude-common:all 0.6.8.2-1
2017-04-02 09:01:52 status installed aptitude-common:all 0.6.8.2-1
2017-04-02 09:01:52 configure cron:armhf 3.0pl1-124 <none>
2017-04-02 09:01:52 status unpacked cron:armhf 3.0pl1-124
2017-04-02 09:01:52 status unpacked cron:armhf 3.0pl1-124
2017-04-02 09:01:52 status unpacked cron:armhf 3.0pl1-124
2017-04-02 09:01:52 status unpacked cron:armhf 3.0pl1-124
2017-04-02 09:01:52 status unpacked cron:armhf 3.0pl1-124
2017-04-02 09:01:52 status unpacked cron:armhf 3.0pl1-124
2017-04-02 09:01:52 status unpacked cron:armhf 3.0pl1-124
2017-04-02 09:01:52 status unpacked cron:armhf 3.0pl1-124
2017-04-02 09:01:52 status unpacked cron:armhf 3.0pl1-124
2017-04-02 09:01:52 status unpacked cron:armhf 3.0pl1-124
2017-04-02 09:01:52 status half-configured cron:armhf 3.0pl1-124
2017-04-02 09:01:53 status installed cron:armhf 3.0pl1-124
2017-04-02 09:01:53 configure nano:armhf 2.2.6-1+b2 <none>
2017-04-02 09:01:53 status unpacked nano:armhf 2.2.6-1+b2
2017-04-02 09:01:53 status unpacked nano:armhf 2.2.6-1+b2
2017-04-02 09:01:53 status half-configured nano:armhf 2.2.6-1+b2
2017-04-02 09:01:54 status installed nano:armhf 2.2.6-1+b2
2017-04-02 09:01:54 configure libp11-kit0:armhf 0.12-3 <none>
2017-04-02 09:01:54 status unpacked libp11-kit0:armhf 0.12-3
2017-04-02 09:01:54 status half-configured libp11-kit0:armhf 0.12-3
2017-04-02 09:01:54 status installed libp11-kit0:armhf 0.12-3
2017-04-02 09:01:54 configure rsyslog:armhf 5.8.11-3+deb7u2 <none>
2017-04-02 09:01:54 status unpacked rsyslog:armhf 5.8.11-3+deb7u2
2017-04-02 09:01:54 status unpacked rsyslog:armhf 5.8.11-3+deb7u2
2017-04-02 09:01:54 status unpacked rsyslog:armhf 5.8.11-3+deb7u2
2017-04-02 09:01:54 status unpacked rsyslog:armhf 5.8.11-3+deb7u2
2017-04-02 09:01:54 status unpacked rsyslog:armhf 5.8.11-3+deb7u2
2017-04-02 09:01:54 status unpacked rsyslog:armhf 5.8.11-3+deb7u2
2017-04-02 09:01:54 status half-configured rsyslog:armhf 5.8.11-3+deb7u2
2017-04-02 09:01:54 status installed rsyslog:armhf 5.8.11-3+deb7u2
2017-04-02 09:01:54 configure cpio:armhf 2.11+dfsg-0.1+deb7u2 <none>
2017-04-02 09:01:54 status unpacked cpio:armhf 2.11+dfsg-0.1+deb7u2
2017-04-02 09:01:54 status half-configured cpio:armhf 2.11+dfsg-0.1+deb7u2
2017-04-02 09:01:54 status installed cpio:armhf 2.11+dfsg-0.1+deb7u2
2017-04-02 09:01:54 configure libstdc++6:armhf 4.7.2-5 <none>
2017-04-02 09:01:54 status unpacked libstdc++6:armhf 4.7.2-5
2017-04-02 09:01:54 status half-configured libstdc++6:armhf 4.7.2-5
2017-04-02 09:01:54 status installed libstdc++6:armhf 4.7.2-5
2017-04-02 09:01:54 configure isc-dhcp-client:armhf 4.2.2.dfsg.1-5+deb70u8 <none>
2017-04-02 09:01:54 status unpacked isc-dhcp-client:armhf 4.2.2.dfsg.1-5+deb70u8
2017-04-02 09:01:54 status unpacked isc-dhcp-client:armhf 4.2.2.dfsg.1-5+deb70u8
2017-04-02 09:01:54 status unpacked isc-dhcp-client:armhf 4.2.2.dfsg.1-5+deb70u8
2017-04-02 09:01:54 status unpacked isc-dhcp-client:armhf 4.2.2.dfsg.1-5+deb70u8
2017-04-02 09:01:54 status unpacked isc-dhcp-client:armhf 4.2.2.dfsg.1-5+deb70u8
2017-04-02 09:01:54 status half-configured isc-dhcp-client:armhf 4.2.2.dfsg.1-5+deb70u8
2017-04-02 09:01:55 status installed isc-dhcp-client:armhf 4.2.2.dfsg.1-5+deb70u8
2017-04-02 09:01:55 configure vim-tiny:armhf 2:7.3.547-7 <none>
2017-04-02 09:01:55 status unpacked vim-tiny:armhf 2:7.3.547-7
2017-04-02 09:01:55 status unpacked vim-tiny:armhf 2:7.3.547-7
2017-04-02 09:01:55 status half-configured vim-tiny:armhf 2:7.3.547-7
2017-04-02 09:01:55 status installed vim-tiny:armhf 2:7.3.547-7
2017-04-02 09:01:55 configure readline-common:all 6.2+dfsg-0.1 <none>
2017-04-02 09:01:55 status unpacked readline-common:all 6.2+dfsg-0.1
2017-04-02 09:01:55 status half-configured readline-common:all 6.2+dfsg-0.1
2017-04-02 09:01:55 status installed readline-common:all 6.2+dfsg-0.1
2017-04-02 09:01:55 configure libnfnetlink0:armhf 1.0.0-1.1 <none>
2017-04-02 09:01:55 status unpacked libnfnetlink0:armhf 1.0.0-1.1
2017-04-02 09:01:55 status half-configured libnfnetlink0:armhf 1.0.0-1.1
2017-04-02 09:01:55 status installed libnfnetlink0:armhf 1.0.0-1.1
2017-04-02 09:01:55 configure libgcrypt11:armhf 1.5.0-5+deb7u4 <none>
2017-04-02 09:01:55 status unpacked libgcrypt11:armhf 1.5.0-5+deb7u4
2017-04-02 09:01:55 status half-configured libgcrypt11:armhf 1.5.0-5+deb7u4
2017-04-02 09:01:56 status installed libgcrypt11:armhf 1.5.0-5+deb7u4
2017-04-02 09:01:56 configure procps:armhf 1:3.3.3-3 <none>
2017-04-02 09:01:56 status unpacked procps:armhf 1:3.3.3-3
2017-04-02 09:01:56 status unpacked procps:armhf 1:3.3.3-3
2017-04-02 09:01:56 status unpacked procps:armhf 1:3.3.3-3
2017-04-02 09:01:56 status unpacked procps:armhf 1:3.3.3-3
2017-04-02 09:01:56 status half-configured procps:armhf 1:3.3.3-3
2017-04-02 09:01:56 status installed procps:armhf 1:3.3.3-3
2017-04-02 09:01:56 configure libxapian22:armhf 1.2.12-2+deb7u1 <none>
2017-04-02 09:01:56 status unpacked libxapian22:armhf 1.2.12-2+deb7u1
2017-04-02 09:01:56 status half-configured libxapian22:armhf 1.2.12-2+deb7u1
2017-04-02 09:01:56 status installed libxapian22:armhf 1.2.12-2+deb7u1
2017-04-02 09:01:56 configure whiptail:armhf 0.52.14-11.1 <none>
2017-04-02 09:01:56 status unpacked whiptail:armhf 0.52.14-11.1
2017-04-02 09:01:56 status half-configured whiptail:armhf 0.52.14-11.1
2017-04-02 09:01:56 status installed whiptail:armhf 0.52.14-11.1
2017-04-02 09:01:56 configure ifupdown:armhf 0.7.8 <none>
2017-04-02 09:01:56 status unpacked ifupdown:armhf 0.7.8
2017-04-02 09:01:56 status unpacked ifupdown:armhf 0.7.8
2017-04-02 09:01:56 status unpacked ifupdown:armhf 0.7.8
2017-04-02 09:01:56 status unpacked ifupdown:armhf 0.7.8
2017-04-02 09:01:56 status unpacked ifupdown:armhf 0.7.8
2017-04-02 09:01:56 status unpacked ifupdown:armhf 0.7.8
2017-04-02 09:01:56 status unpacked ifupdown:armhf 0.7.8
2017-04-02 09:01:56 status unpacked ifupdown:armhf 0.7.8
2017-04-02 09:01:56 status unpacked ifupdown:armhf 0.7.8
2017-04-02 09:01:56 status half-configured ifupdown:armhf 0.7.8
2017-04-02 09:01:57 status installed ifupdown:armhf 0.7.8
2017-04-02 09:01:57 configure kmod:armhf 9-3 <none>
2017-04-02 09:01:57 status unpacked kmod:armhf 9-3
2017-04-02 09:01:57 status unpacked kmod:armhf 9-3
2017-04-02 09:01:57 status half-configured kmod:armhf 9-3
2017-04-02 09:01:58 status installed kmod:armhf 9-3
2017-04-02 09:01:58 configure libapt-pkg4.12:armhf 0.9.7.9+deb7u7 <none>
2017-04-02 09:01:58 status unpacked libapt-pkg4.12:armhf 0.9.7.9+deb7u7
2017-04-02 09:01:58 status half-configured libapt-pkg4.12:armhf 0.9.7.9+deb7u7
2017-04-02 09:01:58 status installed libapt-pkg4.12:armhf 0.9.7.9+deb7u7
2017-04-02 09:01:58 configure libept1.4.12:armhf 1.0.9 <none>
2017-04-02 09:01:58 status unpacked libept1.4.12:armhf 1.0.9
2017-04-02 09:01:58 status half-configured libept1.4.12:armhf 1.0.9
2017-04-02 09:01:58 status installed libept1.4.12:armhf 1.0.9
2017-04-02 09:01:58 configure libapt-inst1.5:armhf 0.9.7.9+deb7u7 <none>
2017-04-02 09:01:58 status unpacked libapt-inst1.5:armhf 0.9.7.9+deb7u7
2017-04-02 09:01:58 status half-configured libapt-inst1.5:armhf 0.9.7.9+deb7u7
2017-04-02 09:01:58 status installed libapt-inst1.5:armhf 0.9.7.9+deb7u7
2017-04-02 09:01:58 configure libreadline6:armhf 6.2+dfsg-0.1 <none>
2017-04-02 09:01:58 status unpacked libreadline6:armhf 6.2+dfsg-0.1
2017-04-02 09:01:58 status half-configured libreadline6:armhf 6.2+dfsg-0.1
2017-04-02 09:01:58 status installed libreadline6:armhf 6.2+dfsg-0.1
2017-04-02 09:01:58 configure logrotate:armhf 3.8.1-4 <none>
2017-04-02 09:01:58 status unpacked logrotate:armhf 3.8.1-4
2017-04-02 09:01:58 status unpacked logrotate:armhf 3.8.1-4
2017-04-02 09:01:58 status unpacked logrotate:armhf 3.8.1-4
2017-04-02 09:01:58 status half-configured logrotate:armhf 3.8.1-4
2017-04-02 09:01:58 status installed logrotate:armhf 3.8.1-4
2017-04-02 09:01:58 configure libboost-iostreams1.49.0:armhf 1.49.0-3.2 <none>
2017-04-02 09:01:58 status unpacked libboost-iostreams1.49.0:armhf 1.49.0-3.2
2017-04-02 09:01:58 status half-configured libboost-iostreams1.49.0:armhf 1.49.0-3.2
2017-04-02 09:01:58 status installed libboost-iostreams1.49.0:armhf 1.49.0-3.2
2017-04-02 09:01:58 configure groff-base:armhf 1.21-9 <none>
2017-04-02 09:01:58 status unpacked groff-base:armhf 1.21-9
2017-04-02 09:01:58 status unpacked groff-base:armhf 1.21-9
2017-04-02 09:01:58 status unpacked groff-base:armhf 1.21-9
2017-04-02 09:01:58 status half-configured groff-base:armhf 1.21-9
2017-04-02 09:01:58 status installed groff-base:armhf 1.21-9
2017-04-02 09:01:58 configure gnupg:armhf 1.4.12-7+deb7u7 <none>
2017-04-02 09:01:58 status unpacked gnupg:armhf 1.4.12-7+deb7u7
2017-04-02 09:01:58 status half-configured gnupg:armhf 1.4.12-7+deb7u7
2017-04-02 09:01:58 status installed gnupg:armhf 1.4.12-7+deb7u7
2017-04-02 09:01:58 configure libsigc++-2.0-0c2a:armhf 2.2.10-0.2 <none>
2017-04-02 09:01:58 status unpacked libsigc++-2.0-0c2a:armhf 2.2.10-0.2
2017-04-02 09:01:58 status half-configured libsigc++-2.0-0c2a:armhf 2.2.10-0.2
2017-04-02 09:01:58 status installed libsigc++-2.0-0c2a:armhf 2.2.10-0.2
2017-04-02 09:01:58 configure libgnutls26:armhf 2.12.20-8+deb7u5 <none>
2017-04-02 09:01:58 status unpacked libgnutls26:armhf 2.12.20-8+deb7u5
2017-04-02 09:01:58 status half-configured libgnutls26:armhf 2.12.20-8+deb7u5
2017-04-02 09:01:58 status installed libgnutls26:armhf 2.12.20-8+deb7u5
2017-04-02 09:01:58 configure apt-utils:armhf 0.9.7.9+deb7u7 <none>
2017-04-02 09:01:58 status unpacked apt-utils:armhf 0.9.7.9+deb7u7
2017-04-02 09:01:58 status half-configured apt-utils:armhf 0.9.7.9+deb7u7
2017-04-02 09:01:58 status installed apt-utils:armhf 0.9.7.9+deb7u7
2017-04-02 09:01:58 configure udev:armhf 175-7.2 <none>
2017-04-02 09:01:58 status unpacked udev:armhf 175-7.2
2017-04-02 09:01:58 status unpacked udev:armhf 175-7.2
2017-04-02 09:01:58 status unpacked udev:armhf 175-7.2
2017-04-02 09:01:58 status unpacked udev:armhf 175-7.2
2017-04-02 09:01:58 status unpacked udev:armhf 175-7.2
2017-04-02 09:01:58 status unpacked udev:armhf 175-7.2
2017-04-02 09:01:58 status unpacked udev:armhf 175-7.2
2017-04-02 09:01:58 status unpacked udev:armhf 175-7.2
2017-04-02 09:01:58 status unpacked udev:armhf 175-7.2
2017-04-02 09:01:58 status unpacked udev:armhf 175-7.2
2017-04-02 09:01:58 status unpacked udev:armhf 175-7.2
2017-04-02 09:01:58 status half-configured udev:armhf 175-7.2
2017-04-02 09:01:59 status installed udev:armhf 175-7.2
2017-04-02 09:01:59 configure iptables:armhf 1.4.14-3.1 <none>
2017-04-02 09:01:59 status unpacked iptables:armhf 1.4.14-3.1
2017-04-02 09:01:59 status half-configured iptables:armhf 1.4.14-3.1
2017-04-02 09:01:59 status installed iptables:armhf 1.4.14-3.1
2017-04-02 09:01:59 configure man-db:armhf 2.6.2-1 <none>
2017-04-02 09:01:59 status unpacked man-db:armhf 2.6.2-1
2017-04-02 09:01:59 status unpacked man-db:armhf 2.6.2-1
2017-04-02 09:01:59 status unpacked man-db:armhf 2.6.2-1
2017-04-02 09:01:59 status unpacked man-db:armhf 2.6.2-1
2017-04-02 09:01:59 status half-configured man-db:armhf 2.6.2-1
2017-04-02 09:02:22 status installed man-db:armhf 2.6.2-1
2017-04-02 09:02:22 configure apt:armhf 0.9.7.9+deb7u7 <none>
2017-04-02 09:02:22 status unpacked apt:armhf 0.9.7.9+deb7u7
2017-04-02 09:02:22 status unpacked apt:armhf 0.9.7.9+deb7u7
2017-04-02 09:02:22 status unpacked apt:armhf 0.9.7.9+deb7u7
2017-04-02 09:02:22 status unpacked apt:armhf 0.9.7.9+deb7u7
2017-04-02 09:02:22 status half-configured apt:armhf 0.9.7.9+deb7u7
2017-04-02 09:02:24 status installed apt:armhf 0.9.7.9+deb7u7
2017-04-02 09:02:24 configure wget:armhf 1.13.4-3+deb7u2 <none>
2017-04-02 09:02:24 status unpacked wget:armhf 1.13.4-3+deb7u2
2017-04-02 09:02:24 status unpacked wget:armhf 1.13.4-3+deb7u2
2017-04-02 09:02:24 status half-configured wget:armhf 1.13.4-3+deb7u2
2017-04-02 09:02:24 status installed wget:armhf 1.13.4-3+deb7u2
2017-04-02 09:02:24 configure libcwidget3:armhf 0.5.16-3.4 <none>
2017-04-02 09:02:24 status unpacked libcwidget3:armhf 0.5.16-3.4
2017-04-02 09:02:24 status half-configured libcwidget3:armhf 0.5.16-3.4
2017-04-02 09:02:24 status installed libcwidget3:armhf 0.5.16-3.4
2017-04-02 09:02:24 configure aptitude:armhf 0.6.8.2-1 <none>
2017-04-02 09:02:24 status unpacked aptitude:armhf 0.6.8.2-1
2017-04-02 09:02:24 status unpacked aptitude:armhf 0.6.8.2-1
2017-04-02 09:02:24 status unpacked aptitude:armhf 0.6.8.2-1
2017-04-02 09:02:24 status half-configured aptitude:armhf 0.6.8.2-1
2017-04-02 09:02:24 status installed aptitude:armhf 0.6.8.2-1
2017-04-02 09:02:24 configure tasksel:all 3.14.1 <none>
2017-04-02 09:02:24 status unpacked tasksel:all 3.14.1
2017-04-02 09:02:24 status half-configured tasksel:all 3.14.1
2017-04-02 09:02:25 status installed tasksel:all 3.14.1
2017-04-02 09:02:25 configure tasksel-data:all 3.14.1 <none>
2017-04-02 09:02:25 status unpacked tasksel-data:all 3.14.1
2017-04-02 09:02:25 status half-configured tasksel-data:all 3.14.1
2017-04-02 09:02:25 status installed tasksel-data:all 3.14.1
